<?xml version="1.0" encoding="utf-8"?><testsuites name="pytest tests"><testsuite name="pytest" errors="0" failures="0" skipped="0" tests="142" time="2.764" timestamp="2026-07-15T01:52:50.985283-04:00" hostname="openclaw"><testcase classname="paper-trading.tests.test_bug_regression" name="test_no_silent_import_failures" time="0.011" /><testcase classname="paper-trading.tests.test_bug_regression" name="test_no_qty_column_in_sql" time="0.037" /><testcase classname="paper-trading.tests.test_bug_regression" name="test_no_orphaned_top_level_js" time="0.004" /><testcase classname="paper-trading.tests.test_bug_regression" name="test_no_hardcoded_dns_in_compose" time="0.002" /><testcase classname="paper-trading.tests.test_bug_regression" name="test_pgport_consistency" time="0.002" /><testcase classname="paper-trading.tests.test_bug_regression" name="test_trader_id_prefix_consistency" time="0.004" /><testcase classname="paper-trading.tests.test_bug_regression" name="test_dockerfile_copies_leaderboard_correctly" time="0.001" /><testcase classname="paper-trading.tests.test_cleanup" name="test_no_bare_except_pass[pyfile0]" time="0.002" /><testcase classname="paper-trading.tests.test_cleanup" name="test_no_bare_except_pass[pyfile1]" time="0.001" /><testcase classname="paper-trading.tests.test_cleanup" name="test_no_bare_except_pass[pyfile2]" time="0.001" /><testcase classname="paper-trading.tests.test_cleanup" name="test_no_bare_except_pass[pyfile3]" time="0.001" /><testcase classname="paper-trading.tests.test_cleanup" name="test_no_bare_except_pass[pyfile4]" time="0.001" /><testcase classname="paper-trading.tests.test_cleanup" name="test_no_bare_except_pass[pyfile5]" time="0.001" /><testcase classname="paper-trading.tests.test_cleanup" name="test_no_bare_except_pass[pyfile6]" time="0.001" /><testcase classname="paper-trading.tests.test_cleanup" name="test_no_bare_except_pass[pyfile7]" time="0.003" /><testcase classname="paper-trading.tests.test_cleanup" name="test_no_bare_except_pass[pyfile8]" time="0.002" /><testcase classname="paper-trading.tests.test_cleanup" name="test_no_bare_except_pass[pyfile9]" time="0.002" /><testcase classname="paper-trading.tests.test_cleanup" name="test_no_bare_except_pass[pyfile10]" time="0.001" /><testcase classname="paper-trading.tests.test_cleanup" name="test_no_bare_except_pass[pyfile11]" time="0.001" /><testcase classname="paper-trading.tests.test_cleanup" name="test_no_bare_except_pass[pyfile12]" time="0.001" /><testcase classname="paper-trading.tests.test_cleanup" name="test_no_bare_except_pass[pyfile13]" time="0.001" /><testcase classname="paper-trading.tests.test_cleanup" name="test_no_bare_except_pass[pyfile14]" time="0.001" /><testcase classname="paper-trading.tests.test_cleanup" name="test_no_bare_except_pass[pyfile15]" time="0.001" /><testcase classname="paper-trading.tests.test_cleanup" name="test_no_bare_except_pass[pyfile16]" time="0.001" /><testcase classname="paper-trading.tests.test_cleanup" name="test_no_bare_except_pass[pyfile17]" time="0.001" /><testcase classname="paper-trading.tests.test_cleanup" name="test_no_bare_except_pass[pyfile18]" time="0.001" /><testcase classname="paper-trading.tests.test_cleanup" name="test_no_bare_except_pass[pyfile19]" time="0.001" /><testcase classname="paper-trading.tests.test_cleanup" name="test_no_bare_except_pass[pyfile20]" time="0.001" /><testcase classname="paper-trading.tests.test_cleanup" name="test_no_bare_except_pass[pyfile21]" time="0.001" /><testcase classname="paper-trading.tests.test_cleanup" name="test_no_bare_except_pass[pyfile22]" time="0.002" /><testcase classname="paper-trading.tests.test_cleanup" name="test_no_bare_except_pass[pyfile23]" time="0.001" /><testcase classname="paper-trading.tests.test_cleanup" name="test_no_bare_except_pass[pyfile24]" time="0.001" /><testcase classname="paper-trading.tests.test_cleanup" name="test_no_bare_except_pass[pyfile25]" time="0.001" /><testcase classname="paper-trading.tests.test_cleanup" name="test_no_bare_except_pass[pyfile26]" time="0.001" /><testcase classname="paper-trading.tests.test_cleanup" name="test_no_bare_except_pass[pyfile27]" time="0.001" /><testcase classname="paper-trading.tests.test_cleanup" name="test_no_bare_except_pass[pyfile28]" time="0.001" /><testcase classname="paper-trading.tests.test_cleanup" name="test_no_bare_except_pass[pyfile29]" time="0.001" /><testcase classname="paper-trading.tests.test_cleanup" name="test_no_bare_except_pass[pyfile30]" time="0.001" /><testcase classname="paper-trading.tests.test_cleanup" name="test_no_bare_except_pass[pyfile31]" time="0.001" /><testcase classname="paper-trading.tests.test_cleanup" name="test_no_bare_except_pass[pyfile32]" time="0.001" /><testcase classname="paper-trading.tests.test_cleanup" name="test_no_bare_except_pass[pyfile33]" time="0.001" /><testcase classname="paper-trading.tests.test_cleanup" name="test_no_bare_except_pass[pyfile34]" time="0.001" /><testcase classname="paper-trading.tests.test_cleanup" name="test_no_bare_except_pass[pyfile35]" time="0.001" /><testcase classname="paper-trading.tests.test_cleanup" name="test_no_bare_except_pass[pyfile36]" time="0.001" /><testcase classname="paper-trading.tests.test_cleanup" name="test_no_bare_except_pass[pyfile37]" time="0.001" /><testcase classname="paper-trading.tests.test_cleanup" name="test_no_bare_except_pass[pyfile38]" time="0.001" /><testcase classname="paper-trading.tests.test_cleanup" name="test_no_bare_except_pass[pyfile39]" time="0.002" /><testcase classname="paper-trading.tests.test_cleanup" name="test_no_bare_except_pass[pyfile40]" time="0.001" /><testcase classname="paper-trading.tests.test_cleanup" name="test_no_bare_except_pass[pyfile41]" time="0.001" /><testcase classname="paper-trading.tests.test_cleanup" name="test_no_bare_except_pass[pyfile42]" time="0.001" /><testcase classname="paper-trading.tests.test_cleanup" name="test_no_bare_except_pass[pyfile43]" time="0.001" /><testcase classname="paper-trading.tests.test_cleanup" name="test_no_bare_except_pass[pyfile44]" time="0.001" /><testcase classname="paper-trading.tests.test_cleanup" name="test_no_bare_except_pass[pyfile45]" time="0.001" /><testcase classname="paper-trading.tests.test_cleanup" name="test_no_bare_except_pass[pyfile46]" time="0.001" /><testcase classname="paper-trading.tests.test_cleanup" name="test_no_bare_except_pass[pyfile47]" time="0.001" /><testcase classname="paper-trading.tests.test_cleanup" name="test_no_bare_except_pass[pyfile48]" time="0.001" /><testcase classname="paper-trading.tests.test_cleanup" name="test_no_bare_except_pass[pyfile49]" time="0.001" /><testcase classname="paper-trading.tests.test_cleanup" name="test_no_bare_except_pass[pyfile50]" time="0.001" /><testcase classname="paper-trading.tests.test_cleanup" name="test_no_bare_except_pass[pyfile51]" time="0.002" /><testcase classname="paper-trading.tests.test_cleanup" name="test_no_bare_except_pass[pyfile52]" time="0.001" /><testcase classname="paper-trading.tests.test_cleanup" name="test_no_bare_except_pass[pyfile53]" time="0.001" /><testcase classname="paper-trading.tests.test_cleanup" name="test_no_bare_except_pass[pyfile54]" time="0.001" /><testcase classname="paper-trading.tests.test_cleanup" name="test_no_bare_except_pass[pyfile55]" time="0.001" /><testcase classname="paper-trading.tests.test_cleanup" name="test_no_bare_except_pass[pyfile56]" time="0.001" /><testcase classname="paper-trading.tests.test_cleanup" name="test_no_bare_except_pass[pyfile57]" time="0.001" /><testcase classname="paper-trading.tests.test_cleanup" name="test_no_bare_except_pass[pyfile58]" time="0.001" /><testcase classname="paper-trading.tests.test_cleanup" name="test_no_bare_except_pass[pyfile59]" time="0.001" /><testcase classname="paper-trading.tests.test_cleanup" name="test_no_bare_except_pass[pyfile60]" time="0.001" /><testcase classname="paper-trading.tests.test_cleanup" name="test_no_bare_except_pass[pyfile61]" time="0.001" /><testcase classname="paper-trading.tests.test_cleanup" name="test_no_bare_except_pass[pyfile62]" time="0.001" /><testcase classname="paper-trading.tests.test_cleanup" name="test_no_bare_except_pass[pyfile63]" time="0.001" /><testcase classname="paper-trading.tests.test_cleanup" name="test_no_bare_except_pass[pyfile64]" time="0.001" /><testcase classname="paper-trading.tests.test_cleanup" name="test_no_bare_except_pass[pyfile65]" time="0.001" /><testcase classname="paper-trading.tests.test_cleanup" name="test_no_bare_except_pass[pyfile66]" time="0.001" /><testcase classname="paper-trading.tests.test_cleanup" name="test_no_bare_except_pass[pyfile67]" time="0.002" /><testcase classname="paper-trading.tests.test_cleanup" name="test_no_bare_except_pass[pyfile68]" time="0.001" /><testcase classname="paper-trading.tests.test_cleanup" name="test_no_bare_except_pass[pyfile69]" time="0.001" /><testcase classname="paper-trading.tests.test_cleanup" name="test_no_stale_alpaca_imports[AlpacaExecutor]" time="0.027" /><testcase classname="paper-trading.tests.test_cleanup" name="test_archived_dirs_have_readme[old-agents]" time="0.002" /><testcase classname="paper-trading.tests.test_cleanup" name="test_archived_dirs_have_readme[old-docs]" time="0.001" /><testcase classname="paper-trading.tests.test_cleanup" name="test_archived_dirs_have_readme[old-specs]" time="0.001" /><testcase classname="paper-trading.tests.test_cleanup" name="test_archived_dirs_have_readme[agents/virtual]" time="0.001" /><testcase classname="paper-trading.tests.test_cleanup" name="test_scripts_no_bare_except_pass[pyfile0]" time="0.001" /><testcase classname="paper-trading.tests.test_cleanup" name="test_scripts_no_bare_except_pass[pyfile1]" time="0.001" /><testcase classname="paper-trading.tests.test_cleanup" name="test_scripts_no_bare_except_pass[pyfile2]" time="0.001" /><testcase classname="paper-trading.tests.test_cleanup" name="test_scripts_no_bare_except_pass[pyfile3]" time="0.001" /><testcase classname="paper-trading.tests.test_cleanup" name="test_scripts_no_bare_except_pass[pyfile4]" time="0.001" /><testcase classname="paper-trading.tests.test_cleanup" name="test_scripts_no_bare_except_pass[pyfile5]" time="0.001" /><testcase classname="paper-trading.tests.test_cleanup" name="test_scripts_no_bare_except_pass[pyfile6]" time="0.001" /><testcase classname="paper-trading.tests.test_cleanup" name="test_scripts_no_bare_except_pass[pyfile7]" time="0.001" /><testcase classname="paper-trading.tests.test_cleanup" name="test_scripts_no_bare_except_pass[pyfile8]" time="0.001" /><testcase classname="paper-trading.tests.test_cleanup" name="test_scripts_no_bare_except_pass[pyfile9]" time="0.001" /><testcase classname="paper-trading.tests.test_cleanup" name="test_scripts_no_bare_except_pass[pyfile10]" time="0.001" /><testcase classname="paper-trading.tests.test_cleanup" name="test_scripts_no_bare_except_pass[pyfile11]" time="0.001" /><testcase classname="paper-trading.tests.test_cleanup" name="test_scripts_no_bare_except_pass[pyfile12]" time="0.001" /><testcase classname="paper-trading.tests.test_cleanup" name="test_scripts_no_bare_except_pass[pyfile13]" time="0.001" /><testcase classname="paper-trading.tests.test_cleanup" name="test_scripts_no_bare_except_pass[pyfile14]" time="0.001" /><testcase classname="paper-trading.tests.test_cleanup" name="test_scripts_no_bare_except_pass[pyfile15]" time="0.001" /><testcase classname="paper-trading.tests.test_cleanup" name="test_scripts_no_bare_except_pass[pyfile16]" time="0.002" /><testcase classname="paper-trading.tests.test_cleanup" name="test_scripts_no_bare_except_pass[pyfile17]" time="0.002" /><testcase classname="paper-trading.tests.test_cleanup" name="test_scripts_no_bare_except_pass[pyfile18]" time="0.001" /><testcase classname="paper-trading.tests.test_cleanup" name="test_scripts_no_bare_except_pass[pyfile19]" time="0.001" /><testcase classname="paper-trading.tests.test_cleanup" name="test_scripts_no_bare_except_pass[pyfile20]" time="0.002" /><testcase classname="paper-trading.tests.test_cleanup" name="test_scripts_no_bare_except_pass[pyfile21]" time="0.001" /><testcase classname="paper-trading.tests.test_cleanup" name="test_scripts_no_bare_except_pass[pyfile22]" time="0.001" /><testcase classname="paper-trading.tests.test_cleanup" name="test_scripts_no_bare_except_pass[pyfile23]" time="0.001" /><testcase classname="paper-trading.tests.test_cleanup" name="test_scripts_no_bare_except_pass[pyfile24]" time="0.001" /><testcase classname="paper-trading.tests.test_cleanup" name="test_scripts_no_bare_except_pass[pyfile25]" time="0.001" /><testcase classname="paper-trading.tests.test_cleanup" name="test_scripts_no_bare_except_pass[pyfile26]" time="0.002" /><testcase classname="paper-trading.tests.test_cleanup" name="test_scripts_no_bare_except_pass[pyfile27]" time="0.001" /><testcase classname="paper-trading.tests.test_cleanup" name="test_scripts_no_bare_except_pass[pyfile28]" time="0.001" /><testcase classname="paper-trading.tests.test_cleanup" name="test_scripts_no_bare_except_pass[pyfile29]" time="0.002" /><testcase classname="paper-trading.tests.test_cleanup" name="test_scripts_no_bare_except_pass[pyfile30]" time="0.001" /><testcase classname="paper-trading.tests.test_cleanup" name="test_scripts_no_bare_except_pass[pyfile31]" time="0.001" /><testcase classname="paper-trading.tests.test_cleanup" name="test_scripts_no_bare_except_pass[pyfile32]" time="0.002" /><testcase classname="paper-trading.tests.test_cleanup" name="test_scripts_no_bare_except_pass[pyfile33]" time="0.001" /><testcase classname="paper-trading.tests.test_cleanup" name="test_scripts_no_bare_except_pass[pyfile34]" time="0.001" /><testcase classname="paper-trading.tests.test_hardcoded_hosts" name="test_reflection_cron_fallback" time="0.002" /><testcase classname="paper-trading.tests.test_hardcoded_hosts" name="test_pg_dashboard_fallback" time="0.001" /><testcase classname="paper-trading.tests.test_hardcoded_hosts" name="test_sync_exits_pg_fallback" time="0.001" /><testcase classname="paper-trading.tests.test_hardcoded_hosts" name="test_virtual_rotate_fallback" time="0.002" /><testcase classname="paper-trading.tests.test_hardcoded_hosts" name="test_virtual_runner_fallback" time="0.001" /><testcase classname="paper-trading.tests.test_hardcoded_hosts" name="test_virtual_cull_fallback" time="0.001" /><testcase classname="paper-trading.tests.test_hardcoded_hosts" name="test_generate_tick_fallback" time="0.001" /><testcase classname="paper-trading.tests.test_hardcoded_hosts" name="test_no_hardcoded_ips_in_dsn_fallbacks" time="0.012" /><testcase classname="paper-trading.tests.test_hardcoded_hosts" name="test_no_hardcoded_db_host_in_connect" time="0.011" /><testcase classname="paper-trading.tests.test_hardcoded_hosts" name="test_reflection_cron_env_override" time="0.003" /><testcase classname="paper-trading.tests.test_hardcoded_hosts" name="test_pg_dashboard_env_override" time="0.162" /><testcase classname="paper-trading.tests.test_hardcoded_hosts" name="test_sync_exits_pg_env_override" time="0.002" /><testcase classname="paper-trading.tests.test_hardcoded_hosts" name="test_virtual_rotate_env_override" time="0.002" /><testcase classname="paper-trading.tests.test_hardcoded_hosts" name="test_virtual_runner_env_override" time="0.144" /><testcase classname="paper-trading.tests.test_hardcoded_hosts" name="test_virtual_cull_env_override" time="0.007" /><testcase classname="paper-trading.tests.test_sql_injection" name="test_no_fstring_execute" time="0.159" /><testcase classname="paper-trading.tests.test_sql_injection" name="test_parameterized_queries_use_placeholders" time="0.200" /><testcase classname="paper-trading.tests.test_sql_injection" name="test_try_except_around_db_operations" time="0.238" /><testcase classname="paper-trading.tests.test_sql_injection" name="test_safe_quote_ident_rejects_unsafe" time="0.629" /><testcase classname="paper-trading.tests.test_sql_injection" name="test_no_fstring_sql_in_data_bus" time="0.154" /><testcase classname="paper-trading.tests.test_guardrails" name="test_import_chain" time="0.011" /><testcase classname="paper-trading.tests.test_guardrails" name="test_api_endpoints" time="0.385" /><testcase classname="paper-trading.tests.test_guardrails" name="test_db_connection" time="0.026" /><testcase classname="paper-trading.tests.test_guardrails" name="test_positions_flow" time="0.136" /><testcase classname="paper-trading.tests.test_guardrails" name="test_no_alpaca_dependency" time="0.002" /></testsuite></testsuites>