<?xml version="1.0" encoding="utf-8"?><testsuites name="pytest tests"><testsuite name="pytest" errors="0" failures="0" skipped="46" tests="1163" time="41.277" timestamp="2026-07-13T00:18:48.160564-04:00" hostname="openclaw"><testcase classname="paper-trading.tests.test_aldridge_strategy.TestScreenCandidates" name="test_passing_stock" time="0.007" /><testcase classname="paper-trading.tests.test_aldridge_strategy.TestScreenCandidates" name="test_multiple_candidates" time="0.002" /><testcase classname="paper-trading.tests.test_aldridge_strategy.TestScreenCandidates" name="test_mixed_candidates" time="0.001" /><testcase classname="paper-trading.tests.test_aldridge_strategy.TestScreenCandidates" name="test_none_values_rejected" time="0.001" /><testcase classname="paper-trading.tests.test_aldridge_strategy.TestScreenCandidates" name="test_empty_list" time="0.001" /><testcase classname="paper-trading.tests.test_aldridge_strategy.TestScreenCandidates" name="test_custom_params" time="0.001" /><testcase classname="paper-trading.tests.test_aldridge_strategy.TestScreenParamsDefaults" name="test_default_params" time="0.001" /><testcase classname="paper-trading.tests.test_aldridge_strategy.TestWeeklyRebalance" name="test_hold_candidates" time="0.001" /><testcase classname="paper-trading.tests.test_aldridge_strategy.TestWeeklyRebalance" name="test_sell_fallen_out" time="0.002" /><testcase classname="paper-trading.tests.test_aldridge_strategy.TestWeeklyRebalance" name="test_sell_all_when_no_candidates" time="0.001" /><testcase classname="paper-trading.tests.test_aldridge_strategy.TestWeeklyRebalance" name="test_empty_portfolio" time="0.001" /><testcase classname="paper-trading.tests.test_aldridge_strategy.TestWeeklyRebalance" name="test_mixed_hold_sell" time="0.001" /><testcase classname="paper-trading.tests.test_aldridge_strategy.TestPortfolio" name="test_empty_portfolio" time="0.001" /><testcase classname="paper-trading.tests.test_aldridge_strategy.TestPortfolio" name="test_portfolio_tickers" time="0.001" /><testcase classname="paper-trading.tests.test_aldridge_strategy.TestPosition" name="test_position_value" time="0.001" /><testcase classname="paper-trading.tests.test_backfill_bars" name="test_resolve_core" time="0.001" /><testcase classname="paper-trading.tests.test_backfill_bars" name="test_resolve_all" time="0.001" /><testcase classname="paper-trading.tests.test_backfill_bars" name="test_resolve_comma_list" time="0.001" /><testcase classname="paper-trading.tests.test_backfill_bars" name="test_resolve_comma_list_whitespace" time="0.001" /><testcase classname="paper-trading.tests.test_backfill_bars" name="test_existing_dates_empty" time="0.002" /><testcase classname="paper-trading.tests.test_backfill_bars" name="test_existing_dates_reads_from_parquet" time="0.036" /><testcase classname="paper-trading.tests.test_backfill_bars" name="test_missing_date_range_fully_covered" time="0.002" /><testcase classname="paper-trading.tests.test_backfill_bars" name="test_missing_date_range_partial" time="0.002" /><testcase classname="paper-trading.tests.test_backfill_bars" name="test_compute_indicators_adds_columns" time="0.016" /><testcase classname="paper-trading.tests.test_backfill_bars" name="test_compute_indicators_float64" time="0.014" /><testcase classname="paper-trading.tests.test_backfill_bars" name="test_compute_indicators_nan_for_early_rows" time="0.014" /><testcase classname="paper-trading.tests.test_backfill_bars" name="test_merge_no_existing" time="0.003" /><testcase classname="paper-trading.tests.test_backfill_bars" name="test_merge_dedup_keeps_newer" time="0.013" /><testcase classname="paper-trading.tests.test_backfill_bars" name="test_merge_appends_new_timestamps" time="0.012" /><testcase classname="paper-trading.tests.test_backfill_bars" name="test_atomic_write_creates_file" time="0.014" /><testcase classname="paper-trading.tests.test_backfill_bars" name="test_atomic_write_overwrites" time="0.024" /><testcase classname="paper-trading.tests.test_backfill_bars" name="test_fetch_bars_returns_dataframe" time="0.011" /><testcase classname="paper-trading.tests.test_backfill_bars" name="test_fetch_bars_empty" time="0.002" /><testcase classname="paper-trading.tests.test_backfill_bars" name="test_fetch_bars_error" time="0.002" /><testcase classname="paper-trading.tests.test_backfill_bars" name="test_backfill_ticker_creates_parquet" time="0.028" /><testcase classname="paper-trading.tests.test_backfill_bars" name="test_backfill_ticker_idempotent" time="0.058" /><testcase classname="paper-trading.tests.test_backfill_bars" name="test_backfill_ticker_check_only" time="0.003" /><testcase classname="paper-trading.tests.test_backfill_bars" name="test_parquet_schema_matches_spec" time="0.028" /><testcase classname="paper-trading.tests.test_bar_loader.TestAvailableDates" name="test_returns_sorted_unique_dates" time="0.025" /><testcase classname="paper-trading.tests.test_bar_loader.TestAvailableDates" name="test_single_date_ticker" time="0.024" /><testcase classname="paper-trading.tests.test_bar_loader.TestAvailableDates" name="test_nonexistent_ticker_returns_empty" time="0.018" /><testcase classname="paper-trading.tests.test_bar_loader.TestAvailableDates" name="test_corrupt_parquet_returns_empty" time="0.019" /><testcase classname="paper-trading.tests.test_bar_loader.TestLoadDateRange" name="test_loads_ticks_for_one_ticker" time="0.058" /><testcase classname="paper-trading.tests.test_bar_loader.TestLoadDateRange" name="test_loads_ticks_for_multiple_tickers" time="0.077" /><testcase classname="paper-trading.tests.test_bar_loader.TestLoadDateRange" name="test_chronological_order" time="0.113" /><testcase classname="paper-trading.tests.test_bar_loader.TestLoadDateRange" name="test_date_range_filtering" time="0.043" /><testcase classname="paper-trading.tests.test_bar_loader.TestLoadDateRange" name="test_nonexistent_ticker_skipped_gracefully" time="0.124" /><testcase classname="paper-trading.tests.test_bar_loader.TestLoadDateRange" name="test_all_nonexistent_returns_empty" time="0.018" /><testcase classname="paper-trading.tests.test_bar_loader.TestLoadDateRange" name="test_tick_fields_populated" time="0.057" /><testcase classname="paper-trading.tests.test_bar_loader.TestLoadDateRange" name="test_indicators_mapped" time="0.058" /><testcase classname="paper-trading.tests.test_bar_loader.TestLoadDateRange" name="test_no_indicators_for_aapl" time="0.038" /><testcase classname="paper-trading.tests.test_bar_loader.TestDownsampling" name="test_30min_downsampling_reduces_count" time="0.083" /><testcase classname="paper-trading.tests.test_bar_loader.TestDownsampling" name="test_downsampled_ticks_preserve_ohlcv_semantics" time="0.043" /><testcase classname="paper-trading.tests.test_bar_loader.TestDownsampling" name="test_interval_1_is_passthrough" time="0.072" /><testcase classname="paper-trading.tests.test_bar_loader.TestMissingDates" name="test_detects_missing_dates" time="0.048" /><testcase classname="paper-trading.tests.test_bar_loader.TestMissingDates" name="test_full_range_present_returns_empty" time="0.044" /><testcase classname="paper-trading.tests.test_bar_loader.TestMissingDates" name="test_weekends_excluded" time="0.032" /><testcase classname="paper-trading.tests.test_bar_loader.TestMissingDates" name="test_nonexistent_ticker_all_missing" time="0.033" /><testcase classname="paper-trading.tests.test_bar_loader.TestSqliteCache" name="test_caches_and_returns_count" time="0.361" /><testcase classname="paper-trading.tests.test_bar_loader.TestSqliteCache" name="test_load_from_cache_returns_ticks" time="0.346" /><testcase classname="paper-trading.tests.test_bar_loader.TestSqliteCache" name="test_cache_date_filter" time="0.915" /><testcase classname="paper-trading.tests.test_bar_loader.TestSqliteCache" name="test_cache_ticker_filter" time="0.300" /><testcase classname="paper-trading.tests.test_bar_loader.TestSqliteCache" name="test_empty_cache_returns_empty" time="0.020" /><testcase classname="paper-trading.tests.test_bar_loader.TestSqliteCache" name="test_cache_is_reproducible" time="0.361" /><testcase classname="paper-trading.tests.test_bar_loader.TestRealData" name="test_real_spy_data_loads" time="0.002"><skipped type="pytest.skip" message="No real SPY data available">/home/openclaw/projects/paper-trading-rebuild/tests/test_bar_loader.py:338: No real SPY data available</skipped></testcase><testcase classname="paper-trading.tests.test_circuit_breaker.TestArgsToSignature" name="test_empty_args" time="0.002" /><testcase classname="paper-trading.tests.test_circuit_breaker.TestArgsToSignature" name="test_simple_args" time="0.002" /><testcase classname="paper-trading.tests.test_circuit_breaker.TestArgsToSignature" name="test_nested_dict" time="0.002" /><testcase classname="paper-trading.tests.test_circuit_breaker.TestArgsToSignature" name="test_deterministic_order" time="0.002" /><testcase classname="paper-trading.tests.test_circuit_breaker.TestArgsToSignature" name="test_list_values" time="0.002" /><testcase classname="paper-trading.tests.test_circuit_breaker.TestToolCallRecord" name="test_args_signature" time="0.002" /><testcase classname="paper-trading.tests.test_circuit_breaker.TestToolCallRecord" name="test_same_args_same_signature" time="0.002" /><testcase classname="paper-trading.tests.test_circuit_breaker.TestAgentCircuitBreaker" name="test_instance_caching" time="0.028" /><testcase classname="paper-trading.tests.test_circuit_breaker.TestAgentCircuitBreaker" name="test_different_traders_different_instances" time="0.002" /><testcase classname="paper-trading.tests.test_circuit_breaker.TestAgentCircuitBreaker" name="test_default_config_values" time="0.002" /><testcase classname="paper-trading.tests.test_circuit_breaker.TestAgentCircuitBreaker" name="test_custom_config_values" time="0.002" /><testcase classname="paper-trading.tests.test_circuit_breaker.TestAgentCircuitBreaker" name="test_initial_not_paused" time="0.014" /><testcase classname="paper-trading.tests.test_circuit_breaker.TestAgentCircuitBreaker" name="test_start_tick_creates_session" time="0.002" /><testcase classname="paper-trading.tests.test_circuit_breaker.TestAgentCircuitBreaker" name="test_start_tick_clears_previous" time="0.002" /><testcase classname="paper-trading.tests.test_circuit_breaker.TestToolCallTracking" name="test_track_within_limits" time="0.002" /><testcase classname="paper-trading.tests.test_circuit_breaker.TestToolCallTracking" name="test_track_exceeds_call_limit" time="0.012" /><testcase classname="paper-trading.tests.test_circuit_breaker.TestToolCallTracking" name="test_track_repeat_detection" time="0.012" /><testcase classname="paper-trading.tests.test_circuit_breaker.TestToolCallTracking" name="test_track_different_args_no_repeat" time="0.002" /><testcase classname="paper-trading.tests.test_circuit_breaker.TestToolCallTracking" name="test_track_same_tool_different_args_no_trip" time="0.002" /><testcase classname="paper-trading.tests.test_circuit_breaker.TestToolCallTracking" name="test_track_after_trip_always_blocked" time="0.014" /><testcase classname="paper-trading.tests.test_circuit_breaker.TestTimeoutGate" name="test_no_timeout_when_decision_made" time="0.102" /><testcase classname="paper-trading.tests.test_circuit_breaker.TestTimeoutGate" name="test_timeout_when_no_decision" time="0.033" /><testcase classname="paper-trading.tests.test_circuit_breaker.TestTickContext" name="test_context_manager_starts_and_ends" time="0.002" /><testcase classname="paper-trading.tests.test_circuit_breaker.TestTickContext" name="test_context_warns_on_no_decision" time="0.002" /><testcase classname="paper-trading.tests.test_circuit_breaker.TestStatus" name="test_status_basic" time="0.012" /><testcase classname="paper-trading.tests.test_circuit_breaker.TestStatus" name="test_status_with_active_tick" time="0.012" /><testcase classname="paper-trading.tests.test_circuit_breaker.TestStatus" name="test_get_all_status" time="0.021" /><testcase classname="paper-trading.tests.test_circuit_breaker.TestConvenience" name="test_get_breaker_helper" time="0.002" /><testcase classname="paper-trading.tests.test_circuit_breaker.TestRealWorldScenarios" name="test_per_tick_call_counter_exceeds_20" time="0.013" /><testcase classname="paper-trading.tests.test_circuit_breaker.TestRealWorldScenarios" name="test_repeat_same_tool_same_args_3x_trips" time="0.012" /><testcase classname="paper-trading.tests.test_circuit_breaker.TestRealWorldScenarios" name="test_timeout_60s_no_decision" time="0.033" /><testcase classname="paper-trading.tests.test_circuit_breaker.TestRealWorldScenarios" name="test_auto_pause_logic" time="0.012" /><testcase classname="paper-trading.tests.test_circuit_breaker.TestEdgeCases" name="test_track_without_start_auto_starts" time="0.001" /><testcase classname="paper-trading.tests.test_circuit_breaker.TestEdgeCases" name="test_mark_decision_on_empty_tick" time="0.002" /><testcase classname="paper-trading.tests.test_circuit_breaker.TestEdgeCases" name="test_empty_args_handled" time="0.012" /><testcase classname="paper-trading.tests.test_circuit_breaker.TestEdgeCases" name="test_none_args_handled" time="0.002" /><testcase classname="paper-trading.tests.test_circuit_breaker.TestEdgeCases" name="test_multiple_trips_counted" time="0.012" /><testcase classname="paper-trading.tests.test_circuit_breaker.TestEdgeCases" name="test_gauge_recovery_and_manual_reset" time="0.035" /><testcase classname="paper-trading.tests.test_circuit_breaker.TestEdgeCases" name="test_end_tick_logs_warning_no_decision" time="0.002" /><testcase classname="paper-trading.tests.test_circuit_breaker.TestGuardTick" name="test_allows_when_not_paused" time="0.021" /><testcase classname="paper-trading.tests.test_circuit_breaker.TestGuardTick" name="test_returns_consistent_status_keys" time="0.022" /><testcase classname="paper-trading.tests.test_circuit_breaker.TestTraderCircuitBreakerIntegration" name="test_trader_has_agent_breaker" time="0.002" /><testcase classname="paper-trading.tests.test_circuit_breaker.TestTraderCircuitBreakerIntegration" name="test_track_tool_call_proxies_to_breaker" time="0.002" /><testcase classname="paper-trading.tests.test_circuit_breaker.TestTraderCircuitBreakerIntegration" name="test_track_tool_call_repeat_detection" time="0.012" /><testcase classname="paper-trading.tests.test_circuit_breaker.TestTraderCircuitBreakerIntegration" name="test_trader_process_tick_checks_pause_state" time="0.012" /><testcase classname="paper-trading.tests.test_circuit_breaker.TestTraderCircuitBreakerIntegration" name="test_trader_process_tick_marks_decision_on_hold" time="0.011" /><testcase classname="paper-trading.tests.test_config_loader.TestEnvVarResolution" name="test_resolves_env_var" time="0.002" /><testcase classname="paper-trading.tests.test_config_loader.TestEnvVarResolution" name="test_resolves_env_var_with_default_present" time="0.002" /><testcase classname="paper-trading.tests.test_config_loader.TestEnvVarResolution" name="test_resolves_default_when_env_missing" time="0.001" /><testcase classname="paper-trading.tests.test_config_loader.TestEnvVarResolution" name="test_raises_when_env_missing_no_default" time="0.002" /><testcase classname="paper-trading.tests.test_config_loader.TestEnvVarResolution" name="test_resolves_in_dict" time="0.001" /><testcase classname="paper-trading.tests.test_config_loader.TestEnvVarResolution" name="test_resolves_in_list" time="0.001" /><testcase classname="paper-trading.tests.test_config_loader.TestEnvVarResolution" name="test_string_without_env_var_unchanged" time="0.001" /><testcase classname="paper-trading.tests.test_config_loader.TestEnvVarResolution" name="test_int_unchanged" time="0.001" /><testcase classname="paper-trading.tests.test_config_loader.TestEnvVarResolution" name="test_float_unchanged" time="0.001" /><testcase classname="paper-trading.tests.test_config_loader.TestEnvVarResolution" name="test_bool_unchanged" time="0.001" /><testcase classname="paper-trading.tests.test_config_loader.TestEnvVarResolution" name="test_none_unchanged" time="0.002" /><testcase classname="paper-trading.tests.test_config_loader.TestGetNested" name="test_single_level" time="0.001" /><testcase classname="paper-trading.tests.test_config_loader.TestGetNested" name="test_multi_level" time="0.001" /><testcase classname="paper-trading.tests.test_config_loader.TestGetNested" name="test_default_returned" time="0.001" /><testcase classname="paper-trading.tests.test_config_loader.TestGetNested" name="test_keyerror_when_missing" time="0.001" /><testcase classname="paper-trading.tests.test_config_loader.TestGetNested" name="test_keyerror_deep" time="0.001" /><testcase classname="paper-trading.tests.test_config_loader.TestGetNested" name="test_traverse_into_non_dict" time="0.002" /><testcase classname="paper-trading.tests.test_config_loader.TestConfigLoading" name="test_load_single_config" time="0.004" /><testcase classname="paper-trading.tests.test_config_loader.TestConfigLoading" name="test_load_multiple_configs" time="0.003" /><testcase classname="paper-trading.tests.test_config_loader.TestConfigLoading" name="test_get_with_dot_notation" time="0.003" /><testcase classname="paper-trading.tests.test_config_loader.TestConfigLoading" name="test_get_with_default" time="0.002" /><testcase classname="paper-trading.tests.test_config_loader.TestConfigLoading" name="test_get_keyerror" time="0.003" /><testcase classname="paper-trading.tests.test_config_loader.TestConfigLoading" name="test_getitem" time="0.003" /><testcase classname="paper-trading.tests.test_config_loader.TestConfigLoading" name="test_contains" time="0.002" /><testcase classname="paper-trading.tests.test_config_loader.TestConfigLoading" name="test_load_empty_yaml" time="0.002" /><testcase classname="paper-trading.tests.test_config_loader.TestConfigLoading" name="test_load_yaml_with_only_comments" time="0.002" /><testcase classname="paper-trading.tests.test_config_loader.TestConfigLoading" name="test_load_nonexistent_config" time="0.002" /><testcase classname="paper-trading.tests.test_config_loader.TestConfigLoading" name="test_loaded_files_property" time="0.003" /><testcase classname="paper-trading.tests.test_config_loader.TestConfigEnvVars" name="test_env_var_override" time="0.003" /><testcase classname="paper-trading.tests.test_config_loader.TestConfigEnvVars" name="test_env_var_fallback_to_default" time="0.003" /><testcase classname="paper-trading.tests.test_config_loader.TestConfigEnvVars" name="test_env_var_missing_required_raises" time="0.003" /><testcase classname="paper-trading.tests.test_config_loader.TestConfigValidation" name="test_required_fields_present" time="0.003" /><testcase classname="paper-trading.tests.test_config_loader.TestConfigValidation" name="test_missing_required_field_raises" time="0.003" /><testcase classname="paper-trading.tests.test_config_loader.TestConfigValidation" name="test_type_validation" time="0.003" /><testcase classname="paper-trading.tests.test_config_loader.TestConfigValidation" name="test_range_validation_below_min" time="0.003" /><testcase classname="paper-trading.tests.test_config_loader.TestConfigValidation" name="test_range_validation_above_max" time="0.003" /><testcase classname="paper-trading.tests.test_config_loader.TestConfigValidation" name="test_validate_returns_issues" time="0.003" /><testcase classname="paper-trading.tests.test_config_loader.TestConfigValidation" name="test_validate_catches_real_issues" time="0.003" /><testcase classname="paper-trading.tests.test_config_loader.TestSecretsHandling" name="test_sanitized_masks_secret_keys" time="0.003" /><testcase classname="paper-trading.tests.test_config_loader.TestSecretsHandling" name="test_resolved_values_not_in_repr" time="0.003" /><testcase classname="paper-trading.tests.test_config_loader.TestSecretsHandling" name="test_keys_come_from_env_not_yaml" time="0.003" /><testcase classname="paper-trading.tests.test_config_loader.TestRealConfigFiles" name="test_data_bus_yaml_loads" time="0.012" /><testcase classname="paper-trading.tests.test_config_loader.TestRealConfigFiles" name="test_traders_yaml_loads" time="0.006" /><testcase classname="paper-trading.tests.test_config_loader.TestRealConfigFiles" name="test_risk_yaml_loads" time="0.006" /><testcase classname="paper-trading.tests.test_config_loader.TestRealConfigFiles" name="test_paper_yaml_loads" time="0.006" /><testcase classname="paper-trading.tests.test_config_loader.TestRealConfigFiles" name="test_all_configs_load" time="0.025" /><testcase classname="paper-trading.tests.test_config_loader.TestRealConfigFiles" name="test_env_var_overrides_paper_account" time="0.025" /><testcase classname="paper-trading.tests.test_config_loader.TestRealConfigFiles" name="test_config_values_match_defaults" time="0.025" /><testcase classname="paper-trading.tests.test_config_loader.TestGracefulFallback" name="test_missing_config_file_returns_empty_dict" time="0.002" /><testcase classname="paper-trading.tests.test_config_loader.TestGracefulFallback" name="test_load_all_with_missing_directory" time="0.002" /><testcase classname="paper-trading.tests.test_config_loader.TestGracefulFallback" name="test_errors_tracked" time="0.002" /><testcase classname="paper-trading.tests.test_config_loader.TestGracefulFallback" name="test_reload_clears_errors" time="0.002" /><testcase classname="paper-trading.tests.test_config_loader.TestGracefulFallback" name="test_invalid_yaml_raises" time="0.003" /><testcase classname="paper-trading.tests.test_config_loader.TestLegacyConfigLoader" name="test_get_param_risk" time="0.000"><skipped type="pytest.skip" message="Legacy DB-backed config — not used in YAML-only rebuild">/home/openclaw/projects/paper-trading-rebuild/tests/test_config_loader.py:495: Legacy DB-backed config — not used in YAML-only rebuild</skipped></testcase><testcase classname="paper-trading.tests.test_config_loader.TestLegacyConfigLoader" name="test_get_param_strategy" time="0.001"><skipped type="pytest.skip" message="Legacy DB-backed config — not used in YAML-only rebuild">/home/openclaw/projects/paper-trading-rebuild/tests/test_config_loader.py:500: Legacy DB-backed config — not used in YAML-only rebuild</skipped></testcase><testcase classname="paper-trading.tests.test_config_loader.TestLegacyConfigLoader" name="test_get_param_monitoring" time="0.000"><skipped type="pytest.skip" message="Legacy DB-backed config — not used in YAML-only rebuild">/home/openclaw/projects/paper-trading-rebuild/tests/test_config_loader.py:504: Legacy DB-backed config — not used in YAML-only rebuild</skipped></testcase><testcase classname="paper-trading.tests.test_config_loader.TestLegacyConfigLoader" name="test_get_param_missing_returns_default" time="0.000"><skipped type="pytest.skip" message="Legacy DB-backed config — not used in YAML-only rebuild">/home/openclaw/projects/paper-trading-rebuild/tests/test_config_loader.py:508: Legacy DB-backed config — not used in YAML-only rebuild</skipped></testcase><testcase classname="paper-trading.tests.test_config_loader.TestLegacyConfigLoader" name="test_get_param_metadata" time="0.000"><skipped type="pytest.skip" message="Legacy DB-backed config — not used in YAML-only rebuild">/home/openclaw/projects/paper-trading-rebuild/tests/test_config_loader.py:512: Legacy DB-backed config — not used in YAML-only rebuild</skipped></testcase><testcase classname="paper-trading.tests.test_config_loader.TestLegacyConfigLoader" name="test_set_param_valid" time="0.000"><skipped type="pytest.skip" message="Legacy DB-backed config — not used in YAML-only rebuild">/home/openclaw/projects/paper-trading-rebuild/tests/test_config_loader.py:519: Legacy DB-backed config — not used in YAML-only rebuild</skipped></testcase><testcase classname="paper-trading.tests.test_config_loader.TestLegacyConfigLoader" name="test_set_param_clamps_to_bounds" time="0.000"><skipped type="pytest.skip" message="Legacy DB-backed config — not used in YAML-only rebuild">/home/openclaw/projects/paper-trading-rebuild/tests/test_config_loader.py:524: Legacy DB-backed config — not used in YAML-only rebuild</skipped></testcase><testcase classname="paper-trading.tests.test_config_loader.TestLegacyConfigLoader" name="test_set_param_unknown_key" time="0.000"><skipped type="pytest.skip" message="Legacy DB-backed config — not used in YAML-only rebuild">/home/openclaw/projects/paper-trading-rebuild/tests/test_config_loader.py:529: Legacy DB-backed config — not used in YAML-only rebuild</skipped></testcase><testcase classname="paper-trading.tests.test_config_loader.TestLegacyConfigLoader" name="test_list_params" time="0.000"><skipped type="pytest.skip" message="Legacy DB-backed config — not used in YAML-only rebuild">/home/openclaw/projects/paper-trading-rebuild/tests/test_config_loader.py:532: Legacy DB-backed config — not used in YAML-only rebuild</skipped></testcase><testcase classname="paper-trading.tests.test_config_loader.TestLegacyConfigLoader" name="test_can_adjust_allowed" time="0.000"><skipped type="pytest.skip" message="Legacy DB-backed config — not used in YAML-only rebuild">/home/openclaw/projects/paper-trading-rebuild/tests/test_config_loader.py:542: Legacy DB-backed config — not used in YAML-only rebuild</skipped></testcase><testcase classname="paper-trading.tests.test_config_loader.TestLegacyConfigLoader" name="test_can_adjust_exceeds_step" time="0.000"><skipped type="pytest.skip" message="Legacy DB-backed config — not used in YAML-only rebuild">/home/openclaw/projects/paper-trading-rebuild/tests/test_config_loader.py:547: Legacy DB-backed config — not used in YAML-only rebuild</skipped></testcase><testcase classname="paper-trading.tests.test_config_loader.TestLegacyConfigLoader" name="test_can_adjust_below_min" time="0.000"><skipped type="pytest.skip" message="Legacy DB-backed config — not used in YAML-only rebuild">/home/openclaw/projects/paper-trading-rebuild/tests/test_config_loader.py:551: Legacy DB-backed config — not used in YAML-only rebuild</skipped></testcase><testcase classname="paper-trading.tests.test_config_loader.TestLegacyConfigLoader" name="test_can_adjust_above_max" time="0.000"><skipped type="pytest.skip" message="Legacy DB-backed config — not used in YAML-only rebuild">/home/openclaw/projects/paper-trading-rebuild/tests/test_config_loader.py:555: Legacy DB-backed config — not used in YAML-only rebuild</skipped></testcase><testcase classname="paper-trading.tests.test_d_state_watchdog.TestResolveTraderId" name="test_short_form" time="0.001" /><testcase classname="paper-trading.tests.test_d_state_watchdog.TestResolveTraderId" name="test_trader_prefixed" time="0.001" /><testcase classname="paper-trading.tests.test_d_state_watchdog.TestResolveTraderId" name="test_case_insensitive" time="0.001" /><testcase classname="paper-trading.tests.test_d_state_watchdog.TestResolveTraderId" name="test_unknown" time="0.001" /><testcase classname="paper-trading.tests.test_d_state_watchdog.TestGetTickInterval" name="test_kairos" time="0.001" /><testcase classname="paper-trading.tests.test_d_state_watchdog.TestGetTickInterval" name="test_aldridge" time="0.001" /><testcase classname="paper-trading.tests.test_d_state_watchdog.TestGetTickInterval" name="test_stonks" time="0.001" /><testcase classname="paper-trading.tests.test_d_state_watchdog.TestGetTickInterval" name="test_trader_prefixed" time="0.001" /><testcase classname="paper-trading.tests.test_d_state_watchdog.TestGetTickInterval" name="test_unknown_defaults_to_15" time="0.001" /><testcase classname="paper-trading.tests.test_d_state_watchdog.TestLoadMonitoringConfig" name="test_loads_from_config" time="0.025" /><testcase classname="paper-trading.tests.test_d_state_watchdog.TestLoadMonitoringConfig" name="test_default_values_when_config_unavailable" time="0.002" /><testcase classname="paper-trading.tests.test_d_state_watchdog.TestTraderStatus" name="test_last_activity_prefers_decision" time="0.001" /><testcase classname="paper-trading.tests.test_d_state_watchdog.TestTraderStatus" name="test_last_activity_falls_back_to_trade" time="0.001" /><testcase classname="paper-trading.tests.test_d_state_watchdog.TestTraderStatus" name="test_last_activity_falls_back_to_heartbeat" time="0.001" /><testcase classname="paper-trading.tests.test_d_state_watchdog.TestTraderStatus" name="test_last_activity_none_when_no_data" time="0.001" /><testcase classname="paper-trading.tests.test_d_state_watchdog.TestTraderStatus" name="test_to_dict" time="0.002" /><testcase classname="paper-trading.tests.test_d_state_watchdog.TestCheckTrader" name="test_healthy_trader" time="0.002" /><testcase classname="paper-trading.tests.test_d_state_watchdog.TestCheckTrader" name="test_silent_trader_d_state" time="0.002" /><testcase classname="paper-trading.tests.test_d_state_watchdog.TestCheckTrader" name="test_warning_approaching_threshold" time="0.002" /><testcase classname="paper-trading.tests.test_d_state_watchdog.TestCheckTrader" name="test_no_activity_ever" time="0.002" /><testcase classname="paper-trading.tests.test_d_state_watchdog.TestCheckTrader" name="test_uses_short_id_for_agent_state" time="0.002" /><testcase classname="paper-trading.tests.test_d_state_watchdog.TestCheckAllTraders" name="test_all_healthy" time="0.002" /><testcase classname="paper-trading.tests.test_d_state_watchdog.TestCheckAllTraders" name="test_one_d_state" time="0.003" /><testcase classname="paper-trading.tests.test_d_state_watchdog.TestCheckAllTraders" name="test_single_trader_filter" time="0.002" /><testcase classname="paper-trading.tests.test_d_state_watchdog.TestWatchdogReport" name="test_has_alerts_when_d_state" time="0.001" /><testcase classname="paper-trading.tests.test_d_state_watchdog.TestWatchdogReport" name="test_has_alerts_when_warning" time="0.002" /><testcase classname="paper-trading.tests.test_d_state_watchdog.TestWatchdogReport" name="test_no_alerts_when_all_ok" time="0.001" /><testcase classname="paper-trading.tests.test_d_state_watchdog.TestWatchdogReport" name="test_to_dict" time="0.001" /><testcase classname="paper-trading.tests.test_d_state_watchdog.TestMain" name="test_main_healthy" time="0.002" /><testcase classname="paper-trading.tests.test_d_state_watchdog.TestMain" name="test_main_d_state" time="0.002" /><testcase classname="paper-trading.tests.test_data_bus_smoke.TestHealth" name="test_status_ok" time="0.007" /><testcase classname="paper-trading.tests.test_data_bus_smoke.TestHealth" name="test_has_schedulers" time="0.005" /><testcase classname="paper-trading.tests.test_data_bus_smoke.TestHealth" name="test_scheduler_schema" time="0.004" /><testcase classname="paper-trading.tests.test_data_bus_smoke.TestHealth" name="test_cache_stats" time="0.005" /><testcase classname="paper-trading.tests.test_data_bus_smoke.TestHealth" name="test_uptime_positive" time="0.006" /><testcase classname="paper-trading.tests.test_data_bus_smoke.TestHealth" name="test_tracked_symbols" time="0.005" /><testcase classname="paper-trading.tests.test_data_bus_smoke.TestQuotes" name="test_status_200" time="0.137" /><testcase classname="paper-trading.tests.test_data_bus_smoke.TestQuotes" name="test_returns_all_symbols" time="0.006" /><testcase classname="paper-trading.tests.test_data_bus_smoke.TestQuotes" name="test_required_fields" time="0.005" /><testcase classname="paper-trading.tests.test_data_bus_smoke.TestQuotes" name="test_meta_fields" time="0.006" /><testcase classname="paper-trading.tests.test_data_bus_smoke.TestQuotes" name="test_price_is_positive" time="0.005" /><testcase classname="paper-trading.tests.test_data_bus_smoke.TestCrypto" name="test_status_200" time="0.101" /><testcase classname="paper-trading.tests.test_data_bus_smoke.TestCrypto" name="test_returns_symbol" time="0.005" /><testcase classname="paper-trading.tests.test_data_bus_smoke.TestCrypto" name="test_required_fields" time="0.004" /><testcase classname="paper-trading.tests.test_data_bus_smoke.TestCrypto" name="test_meta_fields" time="0.005" /><testcase classname="paper-trading.tests.test_data_bus_smoke.TestSentiment" name="test_status_200" time="0.004" /><testcase classname="paper-trading.tests.test_data_bus_smoke.TestSentiment" name="test_required_score_fields" time="0.005" /><testcase classname="paper-trading.tests.test_data_bus_smoke.TestSentiment" name="test_has_symbol_and_source" time="0.004" /><testcase classname="paper-trading.tests.test_data_bus_smoke.TestFearGreed" name="test_status_200" time="0.004" /><testcase classname="paper-trading.tests.test_data_bus_smoke.TestFearGreed" name="test_required_fields" time="0.005" /><testcase classname="paper-trading.tests.test_data_bus_smoke.TestFearGreed" name="test_classification_known_value" time="0.004" /><testcase classname="paper-trading.tests.test_data_bus_smoke.TestNews" name="test_status_200" time="0.112" /><testcase classname="paper-trading.tests.test_data_bus_smoke.TestNews" name="test_returns_headlines" time="0.005" /><testcase classname="paper-trading.tests.test_data_bus_smoke.TestNews" name="test_headline_schema" time="0.005" /><testcase classname="paper-trading.tests.test_data_bus_smoke.TestFundamentals" name="test_returns_json" time="10.014"><skipped type="pytest.skip" message="Fundamentals endpoint timed out or unavailable">/home/openclaw/projects/paper-trading-rebuild/tests/test_data_bus_smoke.py:259: Fundamentals endpoint timed out or unavailable</skipped></testcase><testcase classname="paper-trading.tests.test_data_bus_smoke.TestFundamentals" name="test_error_schema_when_no_data" time="10.014"><skipped type="pytest.skip" message="Fundamentals endpoint timed out or unavailable">/home/openclaw/projects/paper-trading-rebuild/tests/test_data_bus_smoke.py:273: Fundamentals endpoint timed out or unavailable</skipped></testcase><testcase classname="paper-trading.tests.test_data_bus_smoke.TestFundamentals" name="test_params_required" time="0.006" /><testcase classname="paper-trading.tests.test_data_bus_smoke.TestSignals" name="test_status_200" time="0.005" /><testcase classname="paper-trading.tests.test_data_bus_smoke.TestSignals" name="test_signals_schema" time="0.005" /><testcase classname="paper-trading.tests.test_data_bus_smoke.TestSignals" name="test_signal_item_schema" time="0.005" /><testcase classname="paper-trading.tests.test_data_bus_smoke.TestMomentum" name="test_status_200" time="0.005"><skipped type="pytest.skip" message="Momentum module not available in data bus">/home/openclaw/projects/paper-trading-rebuild/tests/test_data_bus_smoke.py:336: Momentum module not available in data bus</skipped></testcase><testcase classname="paper-trading.tests.test_data_bus_smoke.TestMomentum" name="test_required_fields" time="0.005"><skipped type="pytest.skip" message="Momentum module not available in data bus">/home/openclaw/projects/paper-trading-rebuild/tests/test_data_bus_smoke.py:341: Momentum module not available in data bus</skipped></testcase><testcase classname="paper-trading.tests.test_data_bus_smoke.TestMomentum" name="test_z_score_is_float" time="0.006"><skipped type="pytest.skip" message="Momentum module not available in data bus">/home/openclaw/projects/paper-trading-rebuild/tests/test_data_bus_smoke.py:356: Momentum module not available in data bus</skipped></testcase><testcase classname="paper-trading.tests.test_data_bus_smoke.TestMomentum" name="test_top_decile_present" time="0.009"><skipped type="pytest.skip" message="Momentum module not available in data bus">/home/openclaw/projects/paper-trading-rebuild/tests/test_data_bus_smoke.py:362: Momentum module not available in data bus</skipped></testcase><testcase classname="paper-trading.tests.test_data_bus_smoke.TestCongress" name="test_status_200" time="0.006" /><testcase classname="paper-trading.tests.test_data_bus_smoke.TestCongress" name="test_congress_trades_schema" time="0.005" /><testcase classname="paper-trading.tests.test_data_bus_smoke.TestInsiders" name="test_status_200" time="0.005" /><testcase classname="paper-trading.tests.test_data_bus_smoke.TestInsiders" name="test_insiders_envelope" time="0.005" /><testcase classname="paper-trading.tests.test_data_bus_smoke.TestFlow" name="test_status_200" time="0.008" /><testcase classname="paper-trading.tests.test_data_bus_smoke.TestFlow" name="test_returns_flows" time="0.007" /><testcase classname="paper-trading.tests.test_data_bus_smoke.TestFlow" name="test_flow_item_schema" time="0.007" /><testcase classname="paper-trading.tests.test_data_bus_smoke.TestEarnings" name="test_status_200" time="0.006" /><testcase classname="paper-trading.tests.test_data_bus_smoke.TestEarnings" name="test_earnings_envelope" time="0.008" /><testcase classname="paper-trading.tests.test_data_bus_smoke.TestMacro" name="test_status_200" time="0.007" /><testcase classname="paper-trading.tests.test_data_bus_smoke.TestMacro" name="test_fred_indicators" time="0.006" /><testcase classname="paper-trading.tests.test_data_bus_smoke.TestMacro" name="test_required_indicators" time="0.009" /><testcase classname="paper-trading.tests.test_data_bus_smoke.TestMacro" name="test_indicator_schema" time="0.007" /><testcase classname="paper-trading.tests.test_data_bus_smoke.TestMacro" name="test_fomc_indicators" time="0.006" /><testcase classname="paper-trading.tests.test_data_bus_smoke.TestSourceQuality" name="test_status_200" time="0.006" /><testcase classname="paper-trading.tests.test_data_bus_smoke.TestSourceQuality" name="test_sources_schema" time="0.005" /><testcase classname="paper-trading.tests.test_data_bus_smoke.TestSourceQuality" name="test_source_item_schema" time="0.005" /><testcase classname="paper-trading.tests.test_data_bus_smoke.TestCrossEndpoint" name="test_all_endpoints_return_json" time="0.267" /><testcase classname="paper-trading.tests.test_data_bus_smoke.TestCrossEndpoint" name="test_response_timing" time="0.049" /><testcase classname="paper-trading.tests.test_drawdown_knockout.TestKnockoutLevel" name="test_can_trade[KnockoutLevel.NORMAL-True]" time="0.002" /><testcase classname="paper-trading.tests.test_drawdown_knockout.TestKnockoutLevel" name="test_can_trade[KnockoutLevel.REDUCED-True]" time="0.002" /><testcase classname="paper-trading.tests.test_drawdown_knockout.TestKnockoutLevel" name="test_can_trade[KnockoutLevel.PAUSED-False]" time="0.002" /><testcase classname="paper-trading.tests.test_drawdown_knockout.TestKnockoutLevel" name="test_can_trade[KnockoutLevel.EMERGENCY-False]" time="0.002" /><testcase classname="paper-trading.tests.test_drawdown_knockout.TestKnockoutLevel" name="test_can_trade[KnockoutLevel.COOLING_OFF-False]" time="0.002" /><testcase classname="paper-trading.tests.test_drawdown_knockout.TestKnockoutLevel" name="test_can_open_new_positions[KnockoutLevel.NORMAL-True]" time="0.002" /><testcase classname="paper-trading.tests.test_drawdown_knockout.TestKnockoutLevel" name="test_can_open_new_positions[KnockoutLevel.REDUCED-False]" time="0.002" /><testcase classname="paper-trading.tests.test_drawdown_knockout.TestKnockoutLevel" name="test_can_open_new_positions[KnockoutLevel.PAUSED-False]" time="0.001" /><testcase classname="paper-trading.tests.test_drawdown_knockout.TestKnockoutLevel" name="test_can_open_new_positions[KnockoutLevel.EMERGENCY-False]" time="0.002" /><testcase classname="paper-trading.tests.test_drawdown_knockout.TestKnockoutLevel" name="test_can_open_new_positions[KnockoutLevel.COOLING_OFF-False]" time="0.002" /><testcase classname="paper-trading.tests.test_drawdown_knockout.TestKnockoutLevel" name="test_position_multiplier[KnockoutLevel.NORMAL-1.0]" time="0.002" /><testcase classname="paper-trading.tests.test_drawdown_knockout.TestKnockoutLevel" name="test_position_multiplier[KnockoutLevel.REDUCED-0.5]" time="0.002" /><testcase classname="paper-trading.tests.test_drawdown_knockout.TestKnockoutLevel" name="test_position_multiplier[KnockoutLevel.PAUSED-0.0]" time="0.002" /><testcase classname="paper-trading.tests.test_drawdown_knockout.TestKnockoutLevel" name="test_position_multiplier[KnockoutLevel.EMERGENCY-0.0]" time="0.002" /><testcase classname="paper-trading.tests.test_drawdown_knockout.TestKnockoutLevel" name="test_position_multiplier[KnockoutLevel.COOLING_OFF-0.0]" time="0.002" /><testcase classname="paper-trading.tests.test_drawdown_knockout.TestKnockoutLevel" name="test_allow_exits[KnockoutLevel.NORMAL-True]" time="0.002" /><testcase classname="paper-trading.tests.test_drawdown_knockout.TestKnockoutLevel" name="test_allow_exits[KnockoutLevel.REDUCED-True]" time="0.002" /><testcase classname="paper-trading.tests.test_drawdown_knockout.TestKnockoutLevel" name="test_allow_exits[KnockoutLevel.PAUSED-True]" time="0.002" /><testcase classname="paper-trading.tests.test_drawdown_knockout.TestKnockoutLevel" name="test_allow_exits[KnockoutLevel.EMERGENCY-False]" time="0.002" /><testcase classname="paper-trading.tests.test_drawdown_knockout.TestKnockoutLevel" name="test_allow_exits[KnockoutLevel.COOLING_OFF-True]" time="0.002" /><testcase classname="paper-trading.tests.test_drawdown_knockout.TestKnockoutState" name="test_properties_delegate_to_level_normal" time="0.001" /><testcase classname="paper-trading.tests.test_drawdown_knockout.TestKnockoutState" name="test_properties_delegate_to_level_emergency" time="0.001" /><testcase classname="paper-trading.tests.test_drawdown_knockout.TestKnockoutState" name="test_properties_delegate_to_level_reduced" time="0.001" /><testcase classname="paper-trading.tests.test_drawdown_knockout.TestKnockoutState" name="test_properties_delegate_to_level_cooling_off" time="0.001" /><testcase classname="paper-trading.tests.test_drawdown_knockout.TestKnockoutState" name="test_to_dict_includes_all_keys" time="0.002" /><testcase classname="paper-trading.tests.test_drawdown_knockout.TestKnockoutState" name="test_to_dict_no_timestamps" time="0.001" /><testcase classname="paper-trading.tests.test_drawdown_knockout.TestKnockoutStateMachine" name="test_normal_below_5pct" time="0.002" /><testcase classname="paper-trading.tests.test_drawdown_knockout.TestKnockoutStateMachine" name="test_reduced_at_5pct" time="0.001" /><testcase classname="paper-trading.tests.test_drawdown_knockout.TestKnockoutStateMachine" name="test_reduced_7pct" time="0.001" /><testcase classname="paper-trading.tests.test_drawdown_knockout.TestKnockoutStateMachine" name="test_paused_at_10pct" time="0.001" /><testcase classname="paper-trading.tests.test_drawdown_knockout.TestKnockoutStateMachine" name="test_paused_12pct" time="0.001" /><testcase classname="paper-trading.tests.test_drawdown_knockout.TestKnockoutStateMachine" name="test_emergency_at_15pct" time="0.001" /><testcase classname="paper-trading.tests.test_drawdown_knockout.TestKnockoutStateMachine" name="test_emergency_20pct" time="0.002" /><testcase classname="paper-trading.tests.test_drawdown_knockout.TestKnockoutStateMachine" name="test_boundary_4_9pct_stays_normal" time="0.001" /><testcase classname="paper-trading.tests.test_drawdown_knockout.TestKnockoutStateMachine" name="test_boundary_5_1pct_is_reduced" time="0.001" /><testcase classname="paper-trading.tests.test_drawdown_knockout.TestKnockoutStateMachine" name="test_boundary_9_9pct_is_reduced" time="0.001" /><testcase classname="paper-trading.tests.test_drawdown_knockout.TestKnockoutStateMachine" name="test_boundary_10_1pct_is_paused" time="0.001" /><testcase classname="paper-trading.tests.test_drawdown_knockout.TestKnockoutStateMachine" name="test_boundary_14_9pct_is_paused" time="0.001" /><testcase classname="paper-trading.tests.test_drawdown_knockout.TestKnockoutStateMachine" name="test_boundary_15_1pct_is_emergency" time="0.002" /><testcase classname="paper-trading.tests.test_drawdown_knockout.TestKnockoutStateMachine" name="test_peak_equity_tracks_highs" time="0.001" /><testcase classname="paper-trading.tests.test_drawdown_knockout.TestKnockoutStateMachine" name="test_peak_starts_at_zero" time="0.001" /><testcase classname="paper-trading.tests.test_drawdown_knockout.TestKnockoutStateMachine" name="test_emergency_stays_emergency_on_recovery" time="0.001" /><testcase classname="paper-trading.tests.test_drawdown_knockout.TestKnockoutStateMachine" name="test_emergency_stays_emergency_through_normal_equity" time="0.002" /><testcase classname="paper-trading.tests.test_drawdown_knockout.TestKnockoutStateMachine" name="test_transitions_normal_to_reduced" time="0.001" /><testcase classname="paper-trading.tests.test_drawdown_knockout.TestKnockoutStateMachine" name="test_transitions_reduced_to_paused" time="0.001" /><testcase classname="paper-trading.tests.test_drawdown_knockout.TestKnockoutStateMachine" name="test_transitions_paused_to_emergency" time="0.002" /><testcase classname="paper-trading.tests.test_drawdown_knockout.TestKnockoutStateMachine" name="test_transitions_normal_skip_to_emergency" time="0.001" /><testcase classname="paper-trading.tests.test_drawdown_knockout.TestKnockoutStateMachine" name="test_cooling_off_triggered_3_losses" time="0.001" /><testcase classname="paper-trading.tests.test_drawdown_knockout.TestKnockoutStateMachine" name="test_cooling_off_skip_count" time="0.001" /><testcase classname="paper-trading.tests.test_drawdown_knockout.TestKnockoutStateMachine" name="test_cooling_off_exits_via_winning_trade" time="0.001" /><testcase classname="paper-trading.tests.test_drawdown_knockout.TestKnockoutStateMachine" name="test_cooling_off_does_not_skip_tick_when_already_paused" time="0.001" /><testcase classname="paper-trading.tests.test_drawdown_knockout.TestKnockoutStateMachine" name="test_win_resets_consecutive_losses" time="0.001" /><testcase classname="paper-trading.tests.test_drawdown_knockout.TestKnockoutStateMachine" name="test_paused_requires_recovery_plan_to_exit" time="0.001" /><testcase classname="paper-trading.tests.test_drawdown_knockout.TestKnockoutStateMachine" name="test_paused_requires_observation_ticks" time="0.001" /><testcase classname="paper-trading.tests.test_drawdown_knockout.TestKnockoutStateMachine" name="test_paused_exits_to_normal_when_all_conditions_met" time="0.001" /><testcase classname="paper-trading.tests.test_drawdown_knockout.TestKnockoutStateMachine" name="test_paused_stays_paused_with_plan_but_dd_above_caution" time="0.001" /><testcase classname="paper-trading.tests.test_drawdown_knockout.TestKnockoutStateMachine" name="test_paused_dd_above_10_stays_paused" time="0.001" /><testcase classname="paper-trading.tests.test_drawdown_knockout.TestKnockoutStateMachine" name="test_zero_equity" time="0.002" /><testcase classname="paper-trading.tests.test_drawdown_knockout.TestKnockoutStateMachine" name="test_negative_equity" time="0.001" /><testcase classname="paper-trading.tests.test_drawdown_knockout.TestKnockoutStateMachine" name="test_peak_zero_avoids_div_zero" time="0.001" /><testcase classname="paper-trading.tests.test_drawdown_knockout.TestKnockoutStateMachine" name="test_equity_increases_then_drops_uses_highest_peak" time="0.001" /><testcase classname="paper-trading.tests.test_drawdown_knockout.TestKnockoutStateMachine" name="test_no_trade_pnl_preserves_consecutive_losses" time="0.001" /><testcase classname="paper-trading.tests.test_drawdown_knockout.TestKnockoutStateMachine" name="test_custom_thresholds" time="0.001" /><testcase classname="paper-trading.tests.test_drawdown_knockout.TestKnockoutStateMachine" name="test_timestamp_propagation" time="0.001" /><testcase classname="paper-trading.tests.test_drawdown_knockout.TestDrawdownKnockoutGate" name="test_normal_allows_buy" time="0.001" /><testcase classname="paper-trading.tests.test_drawdown_knockout.TestDrawdownKnockoutGate" name="test_normal_allows_sell" time="0.001" /><testcase classname="paper-trading.tests.test_drawdown_knockout.TestDrawdownKnockoutGate" name="test_normal_allows_hold" time="0.001" /><testcase classname="paper-trading.tests.test_drawdown_knockout.TestDrawdownKnockoutGate" name="test_reduced_allows_buy" time="0.001" /><testcase classname="paper-trading.tests.test_drawdown_knockout.TestDrawdownKnockoutGate" name="test_reduced_allows_sell" time="0.001" /><testcase classname="paper-trading.tests.test_drawdown_knockout.TestDrawdownKnockoutGate" name="test_paused_rejects_buy" time="0.001" /><testcase classname="paper-trading.tests.test_drawdown_knockout.TestDrawdownKnockoutGate" name="test_paused_allows_sell" time="0.002" /><testcase classname="paper-trading.tests.test_drawdown_knockout.TestDrawdownKnockoutGate" name="test_cooling_off_rejects_buy" time="0.001" /><testcase classname="paper-trading.tests.test_drawdown_knockout.TestDrawdownKnockoutGate" name="test_cooling_off_allows_sell" time="0.001" /><testcase classname="paper-trading.tests.test_drawdown_knockout.TestDrawdownKnockoutGate" name="test_emergency_rejects_buy" time="0.001" /><testcase classname="paper-trading.tests.test_drawdown_knockout.TestDrawdownKnockoutGate" name="test_emergency_rejects_sell" time="0.001" /><testcase classname="paper-trading.tests.test_drawdown_knockout.TestDrawdownKnockoutGate" name="test_emergency_rejects_hold" time="0.001" /><testcase classname="paper-trading.tests.test_drawdown_knockout.TestDrawdownKnockoutGate" name="test_no_knockout_state_passes" time="0.002" /><testcase classname="paper-trading.tests.test_drawdown_knockout.TestDrawdownKnockoutGate" name="test_accepts_action_key_instead_of_type" time="0.001" /><testcase classname="paper-trading.tests.test_drawdown_knockout.TestDrawdownKnockout" name="test_update_normal" time="0.001" /><testcase classname="paper-trading.tests.test_drawdown_knockout.TestDrawdownKnockout" name="test_update_reduced" time="0.002" /><testcase classname="paper-trading.tests.test_drawdown_knockout.TestDrawdownKnockout" name="test_update_paused" time="0.002" /><testcase classname="paper-trading.tests.test_drawdown_knockout.TestDrawdownKnockout" name="test_update_emergency" time="0.002" /><testcase classname="paper-trading.tests.test_drawdown_knockout.TestDrawdownKnockout" name="test_20pct_triggers_emergency" time="0.001" /><testcase classname="paper-trading.tests.test_drawdown_knockout.TestDrawdownKnockout" name="test_cooling_off_triggered_via_update" time="0.002" /><testcase classname="paper-trading.tests.test_drawdown_knockout.TestDrawdownKnockout" name="test_cooling_off_exits_via_winning_trade" time="0.002" /><testcase classname="paper-trading.tests.test_drawdown_knockout.TestDrawdownKnockout" name="test_cooling_off_skips_two_signals" time="0.002" /><testcase classname="paper-trading.tests.test_drawdown_knockout.TestDrawdownKnockout" name="test_recovery_observation_ticks_increment" time="0.001" /><testcase classname="paper-trading.tests.test_drawdown_knockout.TestDrawdownKnockout" name="test_recovery_exit_via_plan_and_ticks" time="0.002" /><testcase classname="paper-trading.tests.test_drawdown_knockout.TestDrawdownKnockout" name="test_submit_recovery_plan_not_in_paused" time="0.001" /><testcase classname="paper-trading.tests.test_drawdown_knockout.TestDrawdownKnockout" name="test_submit_recovery_plan_too_short" time="0.002" /><testcase classname="paper-trading.tests.test_drawdown_knockout.TestDrawdownKnockout" name="test_submit_recovery_plan_not_enough_ticks" time="0.001" /><testcase classname="paper-trading.tests.test_drawdown_knockout.TestDrawdownKnockout" name="test_submit_recovery_plan_accepted" time="0.002" /><testcase classname="paper-trading.tests.test_drawdown_knockout.TestDrawdownKnockout" name="test_re_enable_from_emergency" time="0.002" /><testcase classname="paper-trading.tests.test_drawdown_knockout.TestDrawdownKnockout" name="test_re_enable_journaled" time="0.002" /><testcase classname="paper-trading.tests.test_drawdown_knockout.TestDrawdownKnockout" name="test_re_enable_not_emergency_no_error" time="0.002" /><testcase classname="paper-trading.tests.test_drawdown_knockout.TestDrawdownKnockout" name="test_emergency_status_normal" time="0.002" /><testcase classname="paper-trading.tests.test_drawdown_knockout.TestDrawdownKnockout" name="test_emergency_status_paused" time="0.001" /><testcase classname="paper-trading.tests.test_drawdown_knockout.TestDrawdownKnockout" name="test_emergency_status_emergency" time="0.001" /><testcase classname="paper-trading.tests.test_drawdown_knockout.TestDrawdownKnockout" name="test_emergency_status_recovery_ready" time="0.001" /><testcase classname="paper-trading.tests.test_drawdown_knockout.TestDrawdownKnockout" name="test_emergency_status_thresholds" time="0.001" /><testcase classname="paper-trading.tests.test_drawdown_knockout.TestDrawdownKnockout" name="test_paused_at_set_on_entry" time="0.001" /><testcase classname="paper-trading.tests.test_drawdown_knockout.TestDrawdownKnockout" name="test_emergency_at_set_on_entry" time="0.002" /><testcase classname="paper-trading.tests.test_drawdown_knockout.TestDrawdownKnockout" name="test_paused_at_not_set_on_subsequent_ticks" time="0.001" /><testcase classname="paper-trading.tests.test_drawdown_knockout.TestDrawdownKnockout" name="test_position_multiplier_normal_then_reduced" time="0.002" /><testcase classname="paper-trading.tests.test_drawdown_knockout.TestDrawdownKnockout" name="test_equity_history_tracking" time="0.002" /><testcase classname="paper-trading.tests.test_drawdown_knockout.TestDrawdownKnockout" name="test_journal_logs_transitions" time="0.001" /><testcase classname="paper-trading.tests.test_drawdown_knockout.TestDrawdownKnockout" name="test_journal_logs_cooling_off_trigger" time="0.002" /><testcase classname="paper-trading.tests.test_drawdown_knockout.TestDrawdownKnockout" name="test_repr" time="0.001" /><testcase classname="paper-trading.tests.test_drawdown_knockout.TestInjectKnockoutGate" name="test_inject_with_existing_knockout" time="0.001" /><testcase classname="paper-trading.tests.test_drawdown_knockout.TestInjectKnockoutGate" name="test_inject_creates_knockout" time="0.001" /><testcase classname="paper-trading.tests.test_drawdown_knockout.TestInjectKnockoutGate" name="test_inject_knockout_at_front" time="0.002" /><testcase classname="paper-trading.tests.test_drawdown_knockout.TestInjectKnockoutGate" name="test_inject_requires_trader_id" time="0.002" /><testcase classname="paper-trading.tests.test_format_validation.TestValidOutputs" name="test_valid_buy_passes" time="0.002" /><testcase classname="paper-trading.tests.test_format_validation.TestValidOutputs" name="test_valid_sell_passes" time="0.002" /><testcase classname="paper-trading.tests.test_format_validation.TestValidOutputs" name="test_valid_hold_passes" time="0.002" /><testcase classname="paper-trading.tests.test_format_validation.TestValidOutputs" name="test_hold_with_null_fields_passes" time="0.001" /><testcase classname="paper-trading.tests.test_format_validation.TestValidOutputs" name="test_sell_with_null_stop_loss_warns" time="0.002" /><testcase classname="paper-trading.tests.test_format_validation.TestValidOutputs" name="test_buy_all_signals_present" time="0.002" /><testcase classname="paper-trading.tests.test_format_validation.TestJsonParsing" name="test_invalid_json_rejected" time="0.002" /><testcase classname="paper-trading.tests.test_format_validation.TestJsonParsing" name="test_array_rejected" time="0.001" /><testcase classname="paper-trading.tests.test_format_validation.TestJsonParsing" name="test_primitive_rejected" time="0.001" /><testcase classname="paper-trading.tests.test_format_validation.TestJsonParsing" name="test_empty_string_rejected" time="0.002" /><testcase classname="paper-trading.tests.test_format_validation.TestJsonParsing" name="test_trailing_comma_rejected" time="0.001" /><testcase classname="paper-trading.tests.test_format_validation.TestMissingFields" name="test_missing_action_flagged" time="0.002" /><testcase classname="paper-trading.tests.test_format_validation.TestMissingFields" name="test_missing_ticker_flagged_on_buy" time="0.002" /><testcase classname="paper-trading.tests.test_format_validation.TestMissingFields" name="test_missing_quantity_flagged_on_buy" time="0.002" /><testcase classname="paper-trading.tests.test_format_validation.TestMissingFields" name="test_missing_confidence_flagged" time="0.002" /><testcase classname="paper-trading.tests.test_format_validation.TestMissingFields" name="test_missing_thesis_flagged_on_buy" time="0.002" /><testcase classname="paper-trading.tests.test_format_validation.TestMissingFields" name="test_missing_signals_used_flagged_on_buy" time="0.002" /><testcase classname="paper-trading.tests.test_format_validation.TestMissingFields" name="test_missing_exit_condition_flagged_on_buy" time="0.002" /><testcase classname="paper-trading.tests.test_format_validation.TestMissingFields" name="test_missing_holding_horizon_flagged_on_buy" time="0.002" /><testcase classname="paper-trading.tests.test_format_validation.TestMissingFields" name="test_multiple_missing_fields_all_flagged" time="0.002" /><testcase classname="paper-trading.tests.test_format_validation.TestActionValidation" name="test_lowercase_action_accepted" time="0.002" /><testcase classname="paper-trading.tests.test_format_validation.TestActionValidation" name="test_whitespace_action_accepted" time="0.002" /><testcase classname="paper-trading.tests.test_format_validation.TestActionValidation" name="test_invalid_action_rejected" time="0.002" /><testcase classname="paper-trading.tests.test_format_validation.TestActionValidation" name="test_wait_action_rejected" time="0.002" /><testcase classname="paper-trading.tests.test_format_validation.TestActionValidation" name="test_empty_action_rejected" time="0.002" /><testcase classname="paper-trading.tests.test_format_validation.TestTickerValidation" name="test_null_ticker_on_buy_rejected" time="0.002" /><testcase classname="paper-trading.tests.test_format_validation.TestTickerValidation" name="test_empty_ticker_on_buy_rejected" time="0.002" /><testcase classname="paper-trading.tests.test_format_validation.TestTickerValidation" name="test_null_ticker_on_sell_rejected" time="0.002" /><testcase classname="paper-trading.tests.test_format_validation.TestTickerValidation" name="test_null_ticker_on_hold_accepted" time="0.001" /><testcase classname="paper-trading.tests.test_format_validation.TestTickerValidation" name="test_long_ticker_warns" time="0.002" /><testcase classname="paper-trading.tests.test_format_validation.TestQuantityValidation" name="test_null_quantity_on_buy_rejected" time="0.002" /><testcase classname="paper-trading.tests.test_format_validation.TestQuantityValidation" name="test_zero_quantity_rejected" time="0.002" /><testcase classname="paper-trading.tests.test_format_validation.TestQuantityValidation" name="test_negative_quantity_rejected" time="0.002" /><testcase classname="paper-trading.tests.test_format_validation.TestQuantityValidation" name="test_float_quantity_rejected" time="0.001" /><testcase classname="paper-trading.tests.test_format_validation.TestQuantityValidation" name="test_string_quantity_rejected" time="0.002" /><testcase classname="paper-trading.tests.test_format_validation.TestQuantityValidation" name="test_large_quantity_warns" time="0.002" /><testcase classname="paper-trading.tests.test_format_validation.TestQuantityValidation" name="test_null_quantity_on_hold_accepted" time="0.002" /><testcase classname="paper-trading.tests.test_format_validation.TestConfidenceValidation" name="test_confidence_below_zero_rejected" time="0.001" /><testcase classname="paper-trading.tests.test_format_validation.TestConfidenceValidation" name="test_confidence_above_one_rejected" time="0.002" /><testcase classname="paper-trading.tests.test_format_validation.TestConfidenceValidation" name="test_confidence_exactly_zero_accepted" time="0.002" /><testcase classname="paper-trading.tests.test_format_validation.TestConfidenceValidation" name="test_confidence_exactly_one_accepted" time="0.001" /><testcase classname="paper-trading.tests.test_format_validation.TestConfidenceValidation" name="test_confidence_string_rejected" time="0.002" /><testcase classname="paper-trading.tests.test_format_validation.TestConfidenceValidation" name="test_confidence_null_accepted" time="0.002" /><testcase classname="paper-trading.tests.test_format_validation.TestThesisValidation" name="test_empty_thesis_on_buy_rejected" time="0.002" /><testcase classname="paper-trading.tests.test_format_validation.TestThesisValidation" name="test_short_thesis_rejected" time="0.001" /><testcase classname="paper-trading.tests.test_format_validation.TestThesisValidation" name="test_exactly_min_length_accepted" time="0.002" /><testcase classname="paper-trading.tests.test_format_validation.TestThesisValidation" name="test_one_over_min_length_accepted" time="0.001" /><testcase classname="paper-trading.tests.test_format_validation.TestThesisValidation" name="test_whitespace_thesis_stripped" time="0.001" /><testcase classname="paper-trading.tests.test_format_validation.TestThesisValidation" name="test_null_thesis_on_buy_rejected" time="0.001" /><testcase classname="paper-trading.tests.test_format_validation.TestThesisValidation" name="test_empty_thesis_on_hold_accepted" time="0.002" /><testcase classname="paper-trading.tests.test_format_validation.TestThesisValidation" name="test_long_thesis_accepted" time="0.002" /><testcase classname="paper-trading.tests.test_format_validation.TestSignalsUsed" name="test_null_signals_rejected" time="0.001" /><testcase classname="paper-trading.tests.test_format_validation.TestSignalsUsed" name="test_empty_signals_rejected" time="0.002" /><testcase classname="paper-trading.tests.test_format_validation.TestSignalsUsed" name="test_not_a_list_rejected" time="0.002" /><testcase classname="paper-trading.tests.test_format_validation.TestSignalsUsed" name="test_non_string_signals_flagged" time="0.002" /><testcase classname="paper-trading.tests.test_format_validation.TestSignalsUsed" name="test_single_signal_accepted" time="0.002" /><testcase classname="paper-trading.tests.test_format_validation.TestSignalsUsed" name="test_many_signals_accepted" time="0.001" /><testcase classname="paper-trading.tests.test_format_validation.TestSignalsUsed" name="test_empty_signals_on_hold_accepted" time="0.001" /><testcase classname="paper-trading.tests.test_format_validation.TestExitCondition" name="test_all_valid_exit_conditions_accepted" time="0.002" /><testcase classname="paper-trading.tests.test_format_validation.TestExitCondition" name="test_invalid_exit_condition_rejected" time="0.002" /><testcase classname="paper-trading.tests.test_format_validation.TestExitCondition" name="test_empty_exit_condition_on_buy_rejected" time="0.002" /><testcase classname="paper-trading.tests.test_format_validation.TestExitCondition" name="test_null_exit_condition_rejected" time="0.002" /><testcase classname="paper-trading.tests.test_format_validation.TestExitCondition" name="test_empty_exit_condition_on_hold_accepted" time="0.002" /><testcase classname="paper-trading.tests.test_format_validation.TestHoldingHorizon" name="test_null_horizon_on_buy_rejected" time="0.002" /><testcase classname="paper-trading.tests.test_format_validation.TestHoldingHorizon" name="test_zero_horizon_rejected" time="0.002" /><testcase classname="paper-trading.tests.test_format_validation.TestHoldingHorizon" name="test_negative_horizon_rejected" time="0.001" /><testcase classname="paper-trading.tests.test_format_validation.TestHoldingHorizon" name="test_float_horizon_rejected" time="0.001" /><testcase classname="paper-trading.tests.test_format_validation.TestHoldingHorizon" name="test_valid_horizons_accepted" time="0.002" /><testcase classname="paper-trading.tests.test_format_validation.TestHoldingHorizon" name="test_very_long_horizon_warns" time="0.002" /><testcase classname="paper-trading.tests.test_format_validation.TestHoldingHorizon" name="test_string_horizon_rejected" time="0.002" /><testcase classname="paper-trading.tests.test_format_validation.TestReasoningMoodFields" name="test_no_reasoning_no_mood_warns" time="0.002" /><testcase classname="paper-trading.tests.test_format_validation.TestReasoningMoodFields" name="test_reasoning_present_no_warning" time="0.002" /><testcase classname="paper-trading.tests.test_format_validation.TestReasoningMoodFields" name="test_mood_present_no_warning" time="0.002" /><testcase classname="paper-trading.tests.test_format_validation.TestReasoningMoodFields" name="test_hold_no_reasoning_no_warning" time="0.002" /><testcase classname="paper-trading.tests.test_format_validation.TestBatchValidation" name="test_batch_all_valid" time="0.002" /><testcase classname="paper-trading.tests.test_format_validation.TestBatchValidation" name="test_batch_mixed_validity" time="0.001" /><testcase classname="paper-trading.tests.test_format_validation.TestBatchValidation" name="test_empty_batch" time="0.001" /><testcase classname="paper-trading.tests.test_format_validation.TestTraderSpecific" name="test_kairos_full_format" time="0.001" /><testcase classname="paper-trading.tests.test_format_validation.TestTraderSpecific" name="test_aldridge_full_format" time="0.002" /><testcase classname="paper-trading.tests.test_format_validation.TestTraderSpecific" name="test_stonks_full_format" time="0.002" /><testcase classname="paper-trading.tests.test_format_validation.TestTraderSpecific" name="test_stonks_short_thesis_rejected" time="0.001" /><testcase classname="paper-trading.tests.test_format_validation.TestDataclasses" name="test_validation_result_properties" time="0.001" /><testcase classname="paper-trading.tests.test_format_validation.TestDataclasses" name="test_empty_result" time="0.001" /><testcase classname="paper-trading.tests.test_format_validation.TestDataclasses" name="test_to_dict" time="0.001" /><testcase classname="paper-trading.tests.test_format_validation.TestDataclasses" name="test_validation_error_defaults" time="0.002" /><testcase classname="paper-trading.tests.test_format_validation.TestCommonLLMFailureModes" name="test_json_wrapped_in_markdown" time="0.002" /><testcase classname="paper-trading.tests.test_format_validation.TestCommonLLMFailureModes" name="test_prose_before_json" time="0.002" /><testcase classname="paper-trading.tests.test_format_validation.TestCommonLLMFailureModes" name="test_single_quoted_json" time="0.002" /><testcase classname="paper-trading.tests.test_format_validation.TestCommonLLMFailureModes" name="test_trailing_comma_in_array" time="0.002" /><testcase classname="paper-trading.tests.test_format_validation.TestCommonLLMFailureModes" name="test_negative_confidence_from_llm" time="0.002" /><testcase classname="paper-trading.tests.test_format_validation.TestCommonLLMFailureModes" name="test_buy_with_zero_quantity" time="0.002" /><testcase classname="paper-trading.tests.test_format_validation.TestCommonLLMFailureModes" name="test_missing_thesis_with_backticks" time="0.002" /><testcase classname="paper-trading.tests.test_format_validation.TestEdgeCases" name="test_extra_unknown_fields_ignored" time="0.002" /><testcase classname="paper-trading.tests.test_format_validation.TestEdgeCases" name="test_unicode_in_thesis" time="0.002" /><testcase classname="paper-trading.tests.test_format_validation.TestEdgeCases" name="test_json_with_nulls_for_hold" time="0.001" /><testcase classname="paper-trading.tests.test_format_validation.TestEdgeCases" name="test_numeric_ticker" time="0.002" /><testcase classname="paper-trading.tests.test_format_validation.TestEdgeCases" name="test_buy_all_string_confidence" time="0.002" /><testcase classname="paper-trading.tests.test_fundamentals.TestSafeFloat" name="test_none" time="0.002" /><testcase classname="paper-trading.tests.test_fundamentals.TestSafeFloat" name="test_valid_float" time="0.002" /><testcase classname="paper-trading.tests.test_fundamentals.TestSafeFloat" name="test_nan" time="0.002" /><testcase classname="paper-trading.tests.test_fundamentals.TestSafeFloat" name="test_invalid" time="0.001" /><testcase classname="paper-trading.tests.test_fundamentals.TestFetchFundamentals" name="test_returns_fundamentals_dataclass" time="1.204" /><testcase classname="paper-trading.tests.test_fundamentals.TestFetchFundamentals" name="test_returns_real_data_for_aapl" time="1.057" /><testcase classname="paper-trading.tests.test_fundamentals.TestFetchFundamentals" name="test_handles_unknown_ticker" time="0.863" /><testcase classname="paper-trading.tests.test_fundamentals.TestStoreAndLoad" name="test_store_and_load_roundtrip" time="0.853" /><testcase classname="paper-trading.tests.test_fundamentals.TestScreeningIntegration" name="test_aapl_passes_screen" time="1.188" /><testcase classname="paper-trading.tests.test_fundamentals.TestScreeningIntegration" name="test_negative_earnings_rejected" time="0.002" /><testcase classname="paper-trading.tests.test_fundamentals.TestScreeningIntegration" name="test_high_de_rejected" time="0.001" /><testcase classname="paper-trading.tests.test_fundamentals.TestScreeningIntegration" name="test_negative_pe_rejected" time="0.002" /><testcase classname="paper-trading.tests.test_fundamentals.TestScreeningIntegration" name="test_no_dividend_rejected" time="0.001" /><testcase classname="paper-trading.tests.test_invariant_10.TestParsePrompt" name="test_parse_kairos_style" time="0.003" /><testcase classname="paper-trading.tests.test_invariant_10.TestParsePrompt" name="test_parse_aldridge_style" time="0.002" /><testcase classname="paper-trading.tests.test_invariant_10.TestParsePrompt" name="test_parse_stonks_style" time="0.001" /><testcase classname="paper-trading.tests.test_invariant_10.TestParsePrompt" name="test_parse_no_matches" time="0.001" /><testcase classname="paper-trading.tests.test_invariant_10.TestParsePrompt" name="test_parse_position_size_single" time="0.001" /><testcase classname="paper-trading.tests.test_invariant_10.TestParsePrompt" name="test_parse_conviction_variations" time="0.002" /><testcase classname="paper-trading.tests.test_invariant_10.TestParsePrompt" name="test_parse_stop_loss_required_phrases" time="0.001" /><testcase classname="paper-trading.tests.test_invariant_10.TestCheckConsistency" name="test_all_match" time="0.002" /><testcase classname="paper-trading.tests.test_invariant_10.TestCheckConsistency" name="test_conviction_too_low_fails" time="0.001" /><testcase classname="paper-trading.tests.test_invariant_10.TestCheckConsistency" name="test_position_above_cap_fails" time="0.001" /><testcase classname="paper-trading.tests.test_invariant_10.TestCheckConsistency" name="test_stop_loss_looser_than_default_warns" time="0.002" /><testcase classname="paper-trading.tests.test_invariant_10.TestCheckConsistency" name="test_empty_prompt_skips_checks" time="0.002" /><testcase classname="paper-trading.tests.test_invariant_10.TestCheckConsistency" name="test_different_trader_separate_checks" time="0.001" /><testcase classname="paper-trading.tests.test_invariant_10.TestCheckConsistency" name="test_risk_config_missing_keys_graceful" time="0.001" /><testcase classname="paper-trading.tests.test_journal_analyzer.TestJournalInsight" name="test_create_insight" time="0.001" /><testcase classname="paper-trading.tests.test_journal_analyzer.TestJournalInsight" name="test_insight_to_dict" time="0.001" /><testcase classname="paper-trading.tests.test_journal_analyzer.TestJournalInsight" name="test_insight_from_dict" time="0.001" /><testcase classname="paper-trading.tests.test_journal_analyzer.TestHighConvictionLosses" name="test_detects_high_conviction_loss" time="0.001" /><testcase classname="paper-trading.tests.test_journal_analyzer.TestHighConvictionLosses" name="test_no_losses_no_insights" time="0.001" /><testcase classname="paper-trading.tests.test_journal_analyzer.TestHighConvictionLosses" name="test_conviction_threshold_respected" time="0.001" /><testcase classname="paper-trading.tests.test_journal_analyzer.TestRegimeWeaknesses" name="test_finds_worst_regime" time="0.001" /><testcase classname="paper-trading.tests.test_journal_analyzer.TestRegimeWeaknesses" name="test_regime_stats_computation" time="0.001" /><testcase classname="paper-trading.tests.test_journal_analyzer.TestRegimeWeaknesses" name="test_skips_regimes_with_few_trades" time="0.001" /><testcase classname="paper-trading.tests.test_journal_analyzer.TestMissedOpportunities" name="test_detects_missed_buy_on_strong_signal" time="0.001" /><testcase classname="paper-trading.tests.test_journal_analyzer.TestMissedOpportunities" name="test_no_opportunity_when_price_falls" time="0.003" /><testcase classname="paper-trading.tests.test_journal_analyzer.TestMissedOpportunities" name="test_multiple_missed_opportunities" time="0.001" /><testcase classname="paper-trading.tests.test_journal_analyzer.TestSizeMistakes" name="test_detects_oversized_position" time="0.001" /><testcase classname="paper-trading.tests.test_journal_analyzer.TestSizeMistakes" name="test_no_mistake_with_reasonable_sizes" time="0.001" /><testcase classname="paper-trading.tests.test_journal_analyzer.TestSizeMistakes" name="test_empty_trades_no_mistakes" time="0.001" /><testcase classname="paper-trading.tests.test_journal_analyzer.TestAnalyzeReflections" name="test_finds_patterns_in_reflections" time="0.001" /><testcase classname="paper-trading.tests.test_journal_analyzer.TestAnalyzeReflections" name="test_no_patterns_with_few_reflections" time="0.001" /><testcase classname="paper-trading.tests.test_journal_analyzer.TestJournalAnalyzer" name="test_analyze_empty_journal" time="0.001" /><testcase classname="paper-trading.tests.test_journal_analyzer.TestJournalAnalyzer" name="test_analyze_full_journal" time="0.001" /><testcase classname="paper-trading.tests.test_journal_analyzer.TestJournalAnalyzer" name="test_analyze_called_with_mock_llm" time="0.001" /><testcase classname="paper-trading.tests.test_journal_analyzer.TestJournalAnalyzer" name="test_convenience_function" time="0.001" /><testcase classname="paper-trading.tests.test_journal_analyzer.TestJournalAnalyzer" name="test_insight_sorting" time="0.001" /><testcase classname="paper-trading.tests.test_journal_analyzer.TestJournalAnalyzer" name="test_regime_stats_empty" time="0.001" /><testcase classname="paper-trading.tests.test_journal_analyzer.TestJournalAnalyzer" name="test_journal_analyzer_with_llm_enhancement" time="0.001" /><testcase classname="paper-trading.tests.test_kairos_backtest.TestKairosBacktester" name="test_run_backtest_produces_trades" time="0.131" /><testcase classname="paper-trading.tests.test_kairos_backtest.TestKairosBacktester" name="test_run_backtest_returns_metrics" time="0.130" /><testcase classname="paper-trading.tests.test_kairos_backtest.TestKairosBacktester" name="test_run_backtest_with_custom_params" time="0.130" /><testcase classname="paper-trading.tests.test_kairos_backtest.TestKairosBacktester" name="test_multi_ticker_scan" time="0.257" /><testcase classname="paper-trading.tests.test_kairos_backtest.TestKairosBacktester" name="test_grid_search_finds_best" time="0.156" /><testcase classname="paper-trading.tests.test_kairos_backtest.TestKairosBacktester" name="test_grid_search_summary" time="0.039" /><testcase classname="paper-trading.tests.test_kairos_backtest.TestKairosBacktester" name="test_backtest_summary" time="0.131" /><testcase classname="paper-trading.tests.test_kairos_backtest.TestKairosBacktester" name="test_backtest_to_dict" time="0.077" /><testcase classname="paper-trading.tests.test_kairos_backtest.TestGridSearchResult" name="test_empty_results" time="0.002" /><testcase classname="paper-trading.tests.test_kairos_backtest.TestFeatureEngineer" name="test_computes_features" time="0.018" /><testcase classname="paper-trading.tests.test_kairos_backtest.TestFeatureEngineer" name="test_features_contain_required_fields" time="0.017" /><testcase classname="paper-trading.tests.test_kairos_backtest.TestFeatureEngineer" name="test_reset_clears_state" time="0.015" /><testcase classname="paper-trading.tests.test_kairos_backtest.TestFeatureEngineer" name="test_mlfeatures_to_dict" time="0.009" /><testcase classname="paper-trading.tests.test_kairos_backtest.TestFeatureEngineer" name="test_mlfeatures_to_array" time="0.009" /><testcase classname="paper-trading.tests.test_kairos_backtest.TestBacktestResultFromReplay" name="test_from_replay_basic" time="0.044" /><testcase classname="paper-trading.tests.test_kairos_backtest.TestBacktestResultFromReplay" name="test_from_replay_no_trades" time="0.002" /><testcase classname="paper-trading.tests.test_kairos_backtest.TestApplyParamOverrides" name="test_overrides_momentum_threshold" time="0.001" /><testcase classname="paper-trading.tests.test_kairos_backtest.TestApplyParamOverrides" name="test_overrides_rsi" time="0.001" /><testcase classname="paper-trading.tests.test_kairos_backtest.TestApplyParamOverrides" name="test_overrides_unknown_key_is_passthrough" time="0.001" /><testcase classname="paper-trading.tests.test_knowledge.TestTraderSkillProfile" name="test_default_toolkit" time="0.001" /><testcase classname="paper-trading.tests.test_knowledge.TestTraderSkillProfile" name="test_empty_trader_gets_empty" time="0.001" /><testcase classname="paper-trading.tests.test_knowledge.TestTraderSkillProfile" name="test_custom_initial_tools" time="0.002" /><testcase classname="paper-trading.tests.test_knowledge.TestTraderSkillProfile" name="test_request_tool_valid" time="0.001" /><testcase classname="paper-trading.tests.test_knowledge.TestTraderSkillProfile" name="test_request_unknown_tool_fails" time="0.001" /><testcase classname="paper-trading.tests.test_knowledge.TestTraderSkillProfile" name="test_request_already_have_tool_fails" time="0.001" /><testcase classname="paper-trading.tests.test_knowledge.TestTraderSkillProfile" name="test_request_too_short_reason_fails" time="0.001" /><testcase classname="paper-trading.tests.test_knowledge.TestTraderSkillProfile" name="test_grant_tool" time="0.001" /><testcase classname="paper-trading.tests.test_knowledge.TestTraderSkillProfile" name="test_record_usage" time="0.002" /><testcase classname="paper-trading.tests.test_knowledge.TestTraderSkillProfile" name="test_revoke_stale_tools" time="0.001" /><testcase classname="paper-trading.tests.test_knowledge.TestTraderSkillProfile" name="test_default_tools_not_revoked" time="0.001" /><testcase classname="paper-trading.tests.test_knowledge.TestTraderSkillProfile" name="test_tool_report" time="0.001" /><testcase classname="paper-trading.tests.test_knowledge.TestToolRequest" name="test_approve" time="0.002" /><testcase classname="paper-trading.tests.test_knowledge.TestToolRequest" name="test_deny" time="0.001" /><testcase classname="paper-trading.tests.test_knowledge.TestSignalBoard" name="test_publish_and_read" time="0.002" /><testcase classname="paper-trading.tests.test_knowledge.TestSignalBoard" name="test_recent_filtered" time="0.001" /><testcase classname="paper-trading.tests.test_knowledge.TestSignalBoard" name="test_recent_by_ticker" time="0.001" /><testcase classname="paper-trading.tests.test_knowledge.TestSignalBoard" name="test_filter_by_type" time="0.001" /><testcase classname="paper-trading.tests.test_knowledge.TestSignalBoard" name="test_prune_by_age" time="0.001" /><testcase classname="paper-trading.tests.test_knowledge.TestSignalBoard" name="test_prune_by_count" time="0.001" /><testcase classname="paper-trading.tests.test_knowledge.TestSignalBoard" name="test_publish_lesson" time="0.001" /><testcase classname="paper-trading.tests.test_knowledge.TestSignalBoard" name="test_publish_alert" time="0.001" /><testcase classname="paper-trading.tests.test_knowledge.TestSignalBoard" name="test_summary" time="0.001" /><testcase classname="paper-trading.tests.test_knowledge.TestDetectHerding" name="test_no_herding_when_diverse" time="0.001" /><testcase classname="paper-trading.tests.test_knowledge.TestDetectHerding" name="test_herding_detected" time="0.001" /><testcase classname="paper-trading.tests.test_knowledge.TestDetectHerding" name="test_herding_below_threshold" time="0.001" /><testcase classname="paper-trading.tests.test_knowledge.TestDetectDivergence" name="test_all_negative_alphas" time="0.002" /><testcase classname="paper-
[...]
ssage="Phase 5">/home/openclaw/projects/paper-trading-rebuild/tests/test_spec_verify.py:192: Phase 5</skipped></testcase><testcase classname="paper-trading.tests.test_synthesis.TestRankInsights" name="test_ranks_by_confidence" time="0.002" /><testcase classname="paper-trading.tests.test_synthesis.TestRankInsights" name="test_dedup_by_category_and_description" time="0.001" /><testcase classname="paper-trading.tests.test_synthesis.TestRankInsights" name="test_empty_list" time="0.001" /><testcase classname="paper-trading.tests.test_synthesis.TestSynthesizeTrader" name="test_produces_trader_synthesis" time="0.001" /><testcase classname="paper-trading.tests.test_synthesis.TestSynthesizeTrader" name="test_handles_no_insights" time="0.002" /><testcase classname="paper-trading.tests.test_synthesis.TestSynthesizeTrader" name="test_handles_no_trades" time="0.001" /><testcase classname="paper-trading.tests.test_synthesis.TestSynthesizeTrader" name="test_trader_synthesis_to_dict" time="0.002" /><testcase classname="paper-trading.tests.test_synthesis.TestPromotion" name="test_promotes_high_confidence_sustained" time="0.001" /><testcase classname="paper-trading.tests.test_synthesis.TestPromotion" name="test_needs_more_validation_low_confidence" time="0.001" /><testcase classname="paper-trading.tests.test_synthesis.TestPromotion" name="test_create_pr_medium_confidence" time="0.001" /><testcase classname="paper-trading.tests.test_synthesis.TestPromotion" name="test_just_below_auto_promote" time="0.001" /><testcase classname="paper-trading.tests.test_synthesis.TestPromotion" name="test_barely_above_auto_promote_with_sustain" time="0.001" /><testcase classname="paper-trading.tests.test_synthesis.TestPromotion" name="test_promotion_returns_details" time="0.001" /><testcase classname="paper-trading.tests.test_synthesis.TestPromotion" name="test_no_promotion_with_zero_nights" time="0.002" /><testcase classname="paper-trading.tests.test_synthesis.TestPromotion" name="test_promoted_insights_increment_night" time="0.002" /><testcase classname="paper-trading.tests.test_synthesis.TestSynthesizer" name="test_synthesize_multiple_traders" time="0.002" /><testcase classname="paper-trading.tests.test_synthesis.TestSynthesizer" name="test_synthesize_empty" time="0.002" /><testcase classname="paper-trading.tests.test_synthesis.TestSynthesizer" name="test_formatted_summary" time="0.002" /><testcase classname="paper-trading.tests.test_synthesis.TestSynthesizer" name="test_convenience_function" time="0.002" /><testcase classname="paper-trading.tests.test_synthesis.TestSynthesizer" name="test_global_insight_ranking" time="0.002" /><testcase classname="paper-trading.tests.test_synthesis.TestSynthesizer" name="test_summary_to_dict" time="0.001" /><testcase classname="paper-trading.tests.test_synthesis.TestPromoterClass" name="test_tracks_insights_across_calls" time="0.001" /><testcase classname="paper-trading.tests.test_synthesis.TestPromoterClass" name="test_get_eligible_promotions" time="0.002" /><testcase classname="paper-trading.tests.test_synthesis.TestNightlyFlow" name="test_end_to_end_nightly" time="0.002" /><testcase classname="paper-trading.tests.test_trader.TestTraderState" name="test_initial_state" time="0.001" /><testcase classname="paper-trading.tests.test_trader.TestTraderState" name="test_not_ready_for_live_initially" time="0.002" /><testcase classname="paper-trading.tests.test_trader.TestTraderState" name="test_ready_for_live" time="0.001" /><testcase classname="paper-trading.tests.test_trader.TestTraderState" name="test_not_ready_negative_pnl" time="0.001" /><testcase classname="paper-trading.tests.test_trader.TestTraderState" name="test_drawdown_tracks_peak" time="0.001" /><testcase classname="paper-trading.tests.test_trader.TestTraderBasic" name="test_create_trader" time="0.002" /><testcase classname="paper-trading.tests.test_trader.TestTraderBasic" name="test_create_fleet" time="0.002" /><testcase classname="paper-trading.tests.test_trader.TestTraderBasic" name="test_trader_specific_defaults" time="0.002" /><testcase classname="paper-trading.tests.test_trader.TestTraderBasic" name="test_process_tick_in_uptrend" time="0.640" /><testcase classname="paper-trading.tests.test_trader.TestTraderBasic" name="test_journal_records_ticks" time="0.323" /><testcase classname="paper-trading.tests.test_trader.TestTraderBasic" name="test_recent_journal" time="0.421" /><testcase classname="paper-trading.tests.test_trader.TestTraderBasic" name="test_status_report" time="0.198" /><testcase classname="paper-trading.tests.test_trader.TestTraderBasic" name="test_set_custom_decider" time="0.014" /><testcase classname="paper-trading.tests.test_trader.TestTraderBasic" name="test_warmup_transitions_to_live" time="0.022" /><testcase classname="paper-trading.tests.test_trader.TestTraderBasic" name="test_breaker_blocks_when_paused" time="0.012" /><testcase classname="paper-trading.tests.test_trader.TestTraderBasic" name="test_update_position_prices" time="0.003" /><testcase classname="paper-trading.tests.test_trader.TestTraderBasic" name="test_compute_objective_no_data" time="0.002" /><testcase classname="paper-trading.tests.test_trader.TestTraderBasic" name="test_parameter_override" time="0.002" /><testcase classname="paper-trading.tests.test_trader.TestFleet" name="test_fleet_independent" time="0.886" /><testcase classname="paper-trading.tests.test_transaction_costs" name="test_cost_calculation_basic" time="0.002" /><testcase classname="paper-trading.tests.test_transaction_costs" name="test_cost_calculation_profitable_trade" time="0.002" /><testcase classname="paper-trading.tests.test_transaction_costs" name="test_minimum_cost_floor" time="0.002" /><testcase classname="paper-trading.tests.test_transaction_costs" name="test_minimum_cost_floor_not_applied_when_cost_exceeds" time="0.001" /><testcase classname="paper-trading.tests.test_transaction_costs" name="test_commission_included" time="0.002" /><testcase classname="paper-trading.tests.test_transaction_costs" name="test_zero_quantity_trade" time="0.002" /><testcase classname="paper-trading.tests.test_transaction_costs" name="test_negative_quantity_guarded" time="0.002" /><testcase classname="paper-trading.tests.test_transaction_costs" name="test_losing_trade_costs_make_it_worse" time="0.001" /><testcase classname="paper-trading.tests.test_transaction_costs" name="test_apply_to_result_single_trade" time="0.002" /><testcase classname="paper-trading.tests.test_transaction_costs" name="test_apply_to_result_multiple_trades" time="0.002" /><testcase classname="paper-trading.tests.test_transaction_costs" name="test_alpaca_paper_cheaper_than_realistic" time="0.002" /><testcase classname="paper-trading.tests.test_transaction_costs" name="test_default_vs_realistic_are_equivalent" time="0.002" /><testcase classname="paper-trading.tests.test_transaction_costs" name="test_many_tiny_trades_penalized_more_than_few_big_trades" time="0.002" /><testcase classname="paper-trading.tests.test_transaction_costs" name="test_empty_trades_list" time="0.001" /><testcase classname="paper-trading.tests.test_transaction_costs" name="test_cost_never_exceeds_gross_plus_min" time="0.001" /><testcase classname="paper-trading.tests.test_two_phase_validation.TestValidationConfig" name="test_defaults" time="0.002" /><testcase classname="paper-trading.tests.test_two_phase_validation.TestValidationConfig" name="test_custom_values" time="0.002" /><testcase classname="paper-trading.tests.test_two_phase_validation.TestPhase2Result" name="test_from_replay_report_positive_pnl" time="0.001" /><testcase classname="paper-trading.tests.test_two_phase_validation.TestPhase2Result" name="test_from_replay_report_negative_pnl" time="0.002" /><testcase classname="paper-trading.tests.test_two_phase_validation.TestPhase2Result" name="test_from_replay_report_missing_trader" time="0.001" /><testcase classname="paper-trading.tests.test_two_phase_validation.TestPhase2Result" name="test_from_replay_report_zero_trades" time="0.001" /><testcase classname="paper-trading.tests.test_two_phase_validation.TestSweepResultsTable" name="test_ensure_sweep_table_creates_table" time="0.003" /><testcase classname="paper-trading.tests.test_two_phase_validation.TestSweepResultsTable" name="test_sweep_table_has_all_columns" time="0.003" /><testcase classname="paper-trading.tests.test_two_phase_validation.TestSweepResultsTable" name="test_log_sweep_result_dry_run" time="0.003" /><testcase classname="paper-trading.tests.test_two_phase_validation.TestSweepResultsTable" name="test_log_sweep_result_writes_row" time="0.003" /><testcase classname="paper-trading.tests.test_two_phase_validation.TestRunPhase2LLMValidation" name="test_budget_gate_respects_max_runs" time="0.003" /><testcase classname="paper-trading.tests.test_two_phase_validation.TestRunPhase2LLMValidation" name="test_dry_run_produces_synthetic_results" time="0.002" /><testcase classname="paper-trading.tests.test_two_phase_validation.TestRunPhase2LLMValidation" name="test_empty_variants_handled" time="0.003" /><testcase classname="paper-trading.tests.test_two_phase_validation.TestRunPhase2LLMValidation" name="test_restores_prompt_after_run" time="0.002" /><testcase classname="paper-trading.tests.test_two_phase_validation.TestRunPhase2LLMValidation" name="test_baseline_always_scored" time="0.002" /><testcase classname="paper-trading.tests.test_two_phase_validation.TestRunPhase2LLMValidation" name="test_parse_replay_output" time="0.002" /><testcase classname="paper-trading.tests.test_two_phase_validation.TestTwoPhaseValidate" name="test_divergence_detection_signal_winner_not_llm_winner" time="0.006" /><testcase classname="paper-trading.tests.test_two_phase_validation.TestTwoPhaseValidate" name="test_agreement_signal_winner_equals_llm_winner" time="0.006" /><testcase classname="paper-trading.tests.test_two_phase_validation.TestTwoPhaseValidate" name="test_no_phase1_winner_no_promotion" time="0.005" /><testcase classname="paper-trading.tests.test_two_phase_validation.TestTwoPhaseValidate" name="test_phase1_only_mode" time="0.004" /><testcase classname="paper-trading.tests.test_two_phase_validation.TestTwoPhaseValidate" name="test_signal_winner_loses_llm" time="0.005" /><testcase classname="paper-trading.tests.test_two_phase_validation.TestPromptSwap" name="test_swap_and_restore" time="0.004" /><testcase classname="paper-trading.tests.test_two_phase_validation.TestPromptSweepPhase2Integration" name="test_phase2_flag_accepted_by_argparse" time="0.002" /><testcase classname="paper-trading.tests.test_two_phase_validation.TestPromptSweepPhase2Integration" name="test_phase2_defaults_when_not_passed" time="0.002" /><testcase classname="paper-trading.tests.test_two_phase_validation.TestPromptSweepPhase2Integration" name="test_phase2_triggers_validation" time="0.099" /><testcase classname="paper-trading.tests.test_validation.TestWalkForwardSplit" name="test_single_window" time="0.002" /><testcase classname="paper-trading.tests.test_validation.TestWalkForwardSplit" name="test_multiple_windows" time="0.003" /><testcase classname="paper-trading.tests.test_validation.TestWalkForwardSplit" name="test_not_enough_data" time="0.001" /><testcase classname="paper-trading.tests.test_validation.TestWalkForwardSplit" name="test_train_before_val" time="0.001" /><testcase classname="paper-trading.tests.test_validation.TestWalkForwardSplit" name="test_step_size" time="0.001" /><testcase classname="paper-trading.tests.test_validation.TestIsOverfit" name="test_not_overfit" time="0.001" /><testcase classname="paper-trading.tests.test_validation.TestIsOverfit" name="test_overfit" time="0.001" /><testcase classname="paper-trading.tests.test_validation.TestIsOverfit" name="test_boundary" time="0.001" /><testcase classname="paper-trading.tests.test_validation.TestIsOverfit" name="test_val_better_than_train" time="0.001" /><testcase classname="paper-trading.tests.test_validation.TestIsSignificant" name="test_clear_improvement" time="0.003" /><testcase classname="paper-trading.tests.test_validation.TestIsSignificant" name="test_no_improvement" time="0.002" /><testcase classname="paper-trading.tests.test_validation.TestIsSignificant" name="test_insufficient_data" time="0.001" /><testcase classname="paper-trading.tests.test_validation.TestWalkForwardConfig" name="test_defaults_match_spec" time="0.001" /><testcase classname="paper-trading.tests.test_validation.TestWalkForwardConfig" name="test_custom_config" time="0.001" /><testcase classname="paper-trading.tests.test_validation.TestValidationResult" name="test_accepted_result" time="0.002" /><testcase classname="paper-trading.tests.test_validation.TestValidationResult" name="test_rejected_result" time="0.001" /><testcase classname="paper-trading.tests.test_validation.TestWalkForwardValidator" name="test_not_enough_data" time="0.002" /><testcase classname="paper-trading.tests.test_validation.TestWalkForwardValidator" name="test_accepts_improvement" time="0.004" /><testcase classname="paper-trading.tests.test_validation.TestWalkForwardValidator" name="test_rejects_overfit" time="0.005" /><testcase classname="paper-trading.tests.test_validation.TestWalkForwardValidator" name="test_no_windows_with_trades" time="0.003" /><testcase classname="paper-trading.tests.test_validation.TestWalkForwardValidate" name="test_convenience_wrapper" time="0.046" /><testcase classname="paper-trading.tests.test_validation.TestWalkForwardValidate" name="test_bootstrap_validation" time="0.035" /><testcase classname="paper-trading.tests.test_validation.TestWalkForwardValidate" name="test_not_enough_data_convenience" time="0.002" /><testcase classname="paper-trading.tests.test_validation.TestSliceTicks" name="test_slice_normal" time="0.002" /><testcase classname="paper-trading.tests.test_validation.TestSliceTicks" name="test_slice_clamped" time="0.002" /><testcase classname="paper-trading.tests.test_validation.TestSliceTicks" name="test_slice_empty" time="0.002" /><testcase classname="paper-trading.tests.test_validation.TestDefaultTraderFromParams" name="test_creates_callable" time="0.001" /><testcase classname="paper-trading.tests.test_validation.TestDefaultTraderFromParams" name="test_buy_signal" time="0.001" /><testcase classname="paper-trading.tests.test_validation.TestDefaultTraderFromParams" name="test_hold_no_signal" time="0.002" /><testcase classname="paper-trading.tests.test_validation.TestDefaultTraderFromParams" name="test_sell_overbought" time="0.001" /><testcase classname="paper-trading.tests.test_validation.TestDefaultTraderFromParams" name="test_stop_loss_triggers_sell" time="0.001" /><testcase classname="paper-trading.tests.test_validation.TestDefaultTraderFromParams" name="test_custom_params_apply" time="0.001" /><testcase classname="paper-trading.tests.test_virtual_runner" name="test_is_market_hours" time="0.002" /><testcase classname="paper-trading.tests.test_virtual_runner" name="test_get_tracked_symbols" time="0.002" /><testcase classname="paper-trading.tests.test_virtual_runner" name="test_offline_mode_behavior" time="0.002" /><testcase classname="paper-trading.tests.test_walk_forward.TestBuildWalkForwardWindows" name="test_standard_case" time="0.001" /><testcase classname="paper-trading.tests.test_walk_forward.TestBuildWalkForwardWindows" name="test_first_window_structure" time="0.001" /><testcase classname="paper-trading.tests.test_walk_forward.TestBuildWalkForwardWindows" name="test_last_window_structure" time="0.001" /><testcase classname="paper-trading.tests.test_walk_forward.TestBuildWalkForwardWindows" name="test_train_and_val_disjoint" time="0.002" /><testcase classname="paper-trading.tests.test_walk_forward.TestBuildWalkForwardWindows" name="test_windows_cover_all_dates" time="0.002" /><testcase classname="paper-trading.tests.test_walk_forward.TestBuildWalkForwardWindows" name="test_too_few_dates_returns_empty" time="0.001" /><testcase classname="paper-trading.tests.test_walk_forward.TestBuildWalkForwardWindows" name="test_exactly_enough_dates" time="0.002" /><testcase classname="paper-trading.tests.test_walk_forward.TestBuildWalkForwardWindows" name="test_larger_val_days" time="0.001" /><testcase classname="paper-trading.tests.test_walk_forward.TestBuildWalkForwardWindows" name="test_empty_dates_list" time="0.001" /><testcase classname="paper-trading.tests.test_walk_forward.TestBuildWalkForwardWindows" name="test_single_date_not_enough" time="0.001" /><testcase classname="paper-trading.tests.test_walk_forward.TestGetTradingDays" name="test_returns_requested_count" time="0.002" /><testcase classname="paper-trading.tests.test_walk_forward.TestGetTradingDays" name="test_all_are_weekdays" time="0.002" /><testcase classname="paper-trading.tests.test_walk_forward.TestGetTradingDays" name="test_chronological_order" time="0.001" /><testcase classname="paper-trading.tests.test_walk_forward.TestGetTradingDays" name="test_does_not_include_future" time="0.002" /><testcase classname="paper-trading.tests.test_walk_forward.TestGetTradingDays" name="test_skips_weekends" time="0.002" /><testcase classname="paper-trading.tests.test_walk_forward.TestGetTradingDays" name="test_reasonable_dates_returns_correct_count" time="0.003" /><testcase classname="paper-trading.tests.test_walk_forward.TestComputeWalkForwardMetrics" name="test_perfect_winner" time="0.002" /><testcase classname="paper-trading.tests.test_walk_forward.TestComputeWalkForwardMetrics" name="test_complete_loser" time="0.002" /><testcase classname="paper-trading.tests.test_walk_forward.TestComputeWalkForwardMetrics" name="test_partial_winner" time="0.002" /><testcase classname="paper-trading.tests.test_walk_forward.TestComputeWalkForwardMetrics" name="test_zero_stability_with_one_window" time="0.001" /><testcase classname="paper-trading.tests.test_walk_forward.TestComputeWalkForwardMetrics" name="test_empty_scores_returns_zeros" time="0.001" /><testcase classname="paper-trading.tests.test_walk_forward.TestComputeWalkForwardMetrics" name="test_consistent_performer" time="0.002" /><testcase classname="paper-trading.tests.test_walk_forward.TestWinnerCriteria" name="test_all_criteria_pass" time="0.002" /><testcase classname="paper-trading.tests.test_walk_forward.TestWinnerCriteria" name="test_fails_win_rate" time="0.002" /><testcase classname="paper-trading.tests.test_walk_forward.TestWinnerCriteria" name="test_fails_avg_score" time="0.002" /><testcase classname="paper-trading.tests.test_walk_forward.TestWinnerCriteria" name="test_fails_stability" time="0.002" /><testcase classname="paper-trading.tests.test_walk_forward.TestWinnerCriteria" name="test_baseline_zero_stability_does_not_fail" time="0.002" /><testcase classname="paper-trading.tests.test_walk_forward.TestCostIntegration" name="test_cost_model_changes_pnl" time="0.001" /><testcase classname="paper-trading.tests.test_walk_forward.TestCostIntegration" name="test_cost_penalizes_high_frequency" time="0.001" /><testcase classname="paper-trading.tests.test_walk_forward.TestCostIntegration" name="test_disabling_costs_preserves_gross" time="0.011" /><testcase classname="paper-trading.tests.test_walk_forward.TestCostIntegration" name="test_same_variant_ranks_differently_with_costs" time="0.018" /><testcase classname="paper-trading.tests.test_walk_forward.TestMultiDateIntegration" name="test_variant_has_multidate_fields" time="0.002" /><testcase classname="paper-trading.tests.test_walk_forward.TestMultiDateIntegration" name="test_load_dates_data_with_empty_dates" time="0.002" /><testcase classname="paper-trading.tests.test_walk_forward.TestMultiDateIntegration" name="test_generate_variants_still_works" time="0.003" /><testcase classname="paper-trading.tests.test_walk_forward.TestMultiDateIntegration" name="test_score_variant_accepts_cost_model" time="0.021" /><testcase classname="paper-trading.tests.test_walk_forward.TestMultiDateIntegration" name="test_run_sweep_single_date_unchanged" time="0.047" /></testsuite></testsuites>